<html>
<head>
<title>TestNG:  Test</title>
<link href="../testng.css" rel="stylesheet" type="text/css" />
<link href="../my-testng.css" rel="stylesheet" type="text/css" />

<style type="text/css">
.log { display: none;} 
.stack-trace { display: none;} 
</style>
<script type="text/javascript">
<!--
function flip(e) {
  current = e.style.display;
  if (current == 'block') {
    e.style.display = 'none';
    return 0;
  }
  else {
    e.style.display = 'block';
    return 1;
  }
}

function toggleBox(szDivId, elem, msg1, msg2)
{
  var res = -1;  if (document.getElementById) {
    res = flip(document.getElementById(szDivId));
  }
  else if (document.all) {
    // this is the way old msie versions work
    res = flip(document.all[szDivId]);
  }
  if(elem) {
    if(res == 0) elem.innerHTML = msg1; else elem.innerHTML = msg2;
  }

}

function toggleAllBoxes() {
  if (document.getElementsByTagName) {
    d = document.getElementsByTagName('div');
    for (i = 0; i < d.length; i++) {
      if (d[i].className == 'log') {
        flip(d[i]);
      }
    }
  }
}

// -->
</script>

</head>
<body>
<h2 align='center'>Test</h2><table border='1' align="center">
<tr>
<td>Tests passed/Failed/Skipped:</td><td>6/5/0</td>
</tr><tr>
<td>Started on:</td><td>Thu Jun 08 11:48:30 IST 2023</td>
</tr>
<tr><td>Total time:</td><td>356 seconds (356258 ms)</td>
</tr><tr>
<td>Included groups:</td><td></td>
</tr><tr>
<td>Excluded groups:</td><td></td>
</tr>
</table><p/>
<small><i>(Hover the method name to see the test class name)</i></small><p/>
<table width='100%' border='1' class='invocation-failed'>
<tr><td colspan='4' align='center'><b>FAILED TESTS</b></td></tr>
<tr><td><b>Test method</b></td>
<td><b>Attribute(s)</b></td>
<td width="30%"><b>Exception</b></td>
<td width="10%"><b>Time (seconds)</b></td>
<td><b>Instance</b></td>
</tr>
<tr>
<td title='testrunner.ProductDetails_TestRunner_3.runScenario()'><b>runScenario</b><br>Test class: testrunner.ProductDetails_TestRunner_3<br>Test method: Runs Cucumber Scenarios<br>Parameters: "Verify Pincode functionality with invalid data", "ProductDetails"</td>
<td><div><pre>org.openqa.selenium.ElementClickInterceptedException: element click intercepted: Element &lt;input name=&quot;q&quot; class=&quot;commonTextComp track_search_click&quot; type=&quot;text&quot; autocomplete=&quot;off&quot; placeholder=&quot;Search&quot;&gt; is not clickable at point (615, 70). Other element would receive the click: &lt;iframe marginheight=&quot;0&quot; marginwidth=&quot;0&quot; class=&quot;__st_preview_frame_bpn&quot; style=&quot;display: block; z-index: 16776272; height:100%; width:100%; position: fixed; visibility: visible; top: 0; overflow: hidden; bottom:0;&quot; frameborder=&quot;0&quot;&gt;&lt;/iframe&gt;
  (Session info: chrome=114.0.5735.110)
Build info: version: &apos;4.9.0&apos;, revision: &apos;d7057100a6&apos;
System info: os.name: &apos;Windows 11&apos;, os.arch: &apos;amd64&apos;, os.version: &apos;10.0&apos;, java.version: &apos;17.0.6&apos;
Driver info: org.openqa.selenium.chrome.ChromeDriver
Command: [ef8ad28db2210cdd75b9ca814059e0fd, clickElement {id=3220332F9981C98A3DBC8E9AB21C3950_element_34}]
Capabilities {acceptInsecureCerts: false, browserName: chrome, browserVersion: 114.0.5735.110, chrome: {chromedriverVersion: 113.0.5672.63 (0e1a4471d5ae..., userDataDir: C:\Program Files (x86)\scop...}, goog:chromeOptions: {debuggerAddress: localhost:56124}, networkConnectionEnabled: false, pageLoadStrategy: normal, platformName: WINDOWS, proxy: Proxy(), se:cdp: ws://localhost:56124/devtoo..., se:cdpVersion: 114.0.5735.110, setWindowRect: true, strictFileInteractability: false, timeouts: {implicit: 0, pageLoad: 300000, script: 30000}, unhandledPromptBehavior: dismiss and notify, webauthn:extension:credBlob: true, webauthn:extension:largeBlob: true, webauthn:extension:minPinLength: true, webauthn:extension:prf: true, webauthn:virtualAuthenticators: true}
Element: [[ChromeDriver: chrome on WINDOWS (ef8ad28db2210cdd75b9ca814059e0fd)] -&gt; xpath: //input[@class=&apos;commonTextComp track_search_click&apos;]]
Session ID: ef8ad28db2210cdd75b9ca814059e0fd
	at org.openqa.selenium.remote.codec.w3c.W3CHttpResponseCodec.createException(W3CHttpResponseCodec.java:200)
	at org.openqa.selenium.remote.codec.w3c.W3CHttpResponseCodec.decode(W3CHttpResponseCodec.java:133)
	at org.openqa.selenium.remote.codec.w3c.W3CHttpResponseCodec.decode(W3CHttpResponseCodec.java:53)
	at org.openqa.selenium.remote.HttpCommandExecutor.execute(HttpCommandExecutor.java:193)
	at org.openqa.selenium.remote.service.DriverCommandExecutor.invokeExecute(DriverCommandExecutor.java:183)
	at org.openqa.selenium.remote.service.DriverCommandExecutor.execute(DriverCommandExecutor.java:158)
	at org.openqa.selenium.remote.RemoteWebDriver.execute(RemoteWebDriver.java:543)
	at org.openqa.selenium.remote.RemoteWebElement.execute(RemoteWebElement.java:257)
	at org.openqa.selenium.remote.RemoteWebElement.click(RemoteWebElement.java:78)
	at org.openqa.selenium.support.pagefactory.internal.LocatingElementHandler.invoke(LocatingElementHandler.java:52)
	at jdk.proxy2/jdk.proxy2.$Proxy26.click(Unknown Source)
	at com.pages.Page01_LandingPage.productListPageNavigation1(Page01_LandingPage.java:84)
	at productdetails_stepdefinition_3.ProductDetails_StepDefinition_3.user_searches_the_product(ProductDetails_StepDefinition_3.java:81)
	at ?.User searches the product(file:///C:/Users/NBARBHUI/Desktop/My%20Main%20AsianPaints%20Project/AsianPaints_ProductDetails_Nurul/src/test/resources/features/ProductDetails3.feature:21)
... Removed 8 stack frames</pre></div><a href='#' onClick='toggleBox("stack-trace1919874730", this, "Click to show all stack frames", "Click to hide stack frames")'>Click to show all stack frames</a>
<div class='stack-trace' id='stack-trace1919874730'><pre>org.openqa.selenium.ElementClickInterceptedException: element click intercepted: Element &lt;input name=&quot;q&quot; class=&quot;commonTextComp track_search_click&quot; type=&quot;text&quot; autocomplete=&quot;off&quot; placeholder=&quot;Search&quot;&gt; is not clickable at point (615, 70). Other element would receive the click: &lt;iframe marginheight=&quot;0&quot; marginwidth=&quot;0&quot; class=&quot;__st_preview_frame_bpn&quot; style=&quot;display: block; z-index: 16776272; height:100%; width:100%; position: fixed; visibility: visible; top: 0; overflow: hidden; bottom:0;&quot; frameborder=&quot;0&quot;&gt;&lt;/iframe&gt;
  (Session info: chrome=114.0.5735.110)
Build info: version: &apos;4.9.0&apos;, revision: &apos;d7057100a6&apos;
System info: os.name: &apos;Windows 11&apos;, os.arch: &apos;amd64&apos;, os.version: &apos;10.0&apos;, java.version: &apos;17.0.6&apos;
Driver info: org.openqa.selenium.chrome.ChromeDriver
Command: [ef8ad28db2210cdd75b9ca814059e0fd, clickElement {id=3220332F9981C98A3DBC8E9AB21C3950_element_34}]
Capabilities {acceptInsecureCerts: false, browserName: chrome, browserVersion: 114.0.5735.110, chrome: {chromedriverVersion: 113.0.5672.63 (0e1a4471d5ae..., userDataDir: C:\Program Files (x86)\scop...}, goog:chromeOptions: {debuggerAddress: localhost:56124}, networkConnectionEnabled: false, pageLoadStrategy: normal, platformName: WINDOWS, proxy: Proxy(), se:cdp: ws://localhost:56124/devtoo..., se:cdpVersion: 114.0.5735.110, setWindowRect: true, strictFileInteractability: false, timeouts: {implicit: 0, pageLoad: 300000, script: 30000}, unhandledPromptBehavior: dismiss and notify, webauthn:extension:credBlob: true, webauthn:extension:largeBlob: true, webauthn:extension:minPinLength: true, webauthn:extension:prf: true, webauthn:virtualAuthenticators: true}
Element: [[ChromeDriver: chrome on WINDOWS (ef8ad28db2210cdd75b9ca814059e0fd)] -&gt; xpath: //input[@class=&apos;commonTextComp track_search_click&apos;]]
Session ID: ef8ad28db2210cdd75b9ca814059e0fd
	at java.base/jdk.internal.reflect.NativeConstructorAccessorImpl.newInstance0(Native Method)
	at java.base/jdk.internal.reflect.NativeConstructorAccessorImpl.newInstance(NativeConstructorAccessorImpl.java:77)
	at java.base/jdk.internal.reflect.DelegatingConstructorAccessorImpl.newInstance(DelegatingConstructorAccessorImpl.java:45)
	at java.base/java.lang.reflect.Constructor.newInstanceWithCaller(Constructor.java:499)
	at java.base/java.lang.reflect.Constructor.newInstance(Constructor.java:480)
	at org.openqa.selenium.remote.codec.w3c.W3CHttpResponseCodec.createException(W3CHttpResponseCodec.java:200)
	at org.openqa.selenium.remote.codec.w3c.W3CHttpResponseCodec.decode(W3CHttpResponseCodec.java:133)
	at org.openqa.selenium.remote.codec.w3c.W3CHttpResponseCodec.decode(W3CHttpResponseCodec.java:53)
	at org.openqa.selenium.remote.HttpCommandExecutor.execute(HttpCommandExecutor.java:193)
	at org.openqa.selenium.remote.service.DriverCommandExecutor.invokeExecute(DriverCommandExecutor.java:183)
	at org.openqa.selenium.remote.service.DriverCommandExecutor.execute(DriverCommandExecutor.java:158)
	at org.openqa.selenium.remote.RemoteWebDriver.execute(RemoteWebDriver.java:543)
	at org.openqa.selenium.remote.RemoteWebElement.execute(RemoteWebElement.java:257)
	at org.openqa.selenium.remote.RemoteWebElement.click(RemoteWebElement.java:78)
	at jdk.internal.reflect.GeneratedMethodAccessor71.invoke(Unknown Source)
	at java.base/jdk.internal.reflect.DelegatingMethodAccessorImpl.invoke(DelegatingMethodAccessorImpl.java:43)
	at java.base/java.lang.reflect.Method.invoke(Method.java:568)
	at org.openqa.selenium.support.pagefactory.internal.LocatingElementHandler.invoke(LocatingElementHandler.java:52)
	at jdk.proxy2/jdk.proxy2.$Proxy26.click(Unknown Source)
	at com.pages.Page01_LandingPage.productListPageNavigation1(Page01_LandingPage.java:84)
	at productdetails_stepdefinition_3.ProductDetails_StepDefinition_3.user_searches_the_product(ProductDetails_StepDefinition_3.java:81)
	at ?.User searches the product(file:///C:/Users/NBARBHUI/Desktop/My%20Main%20AsianPaints%20Project/AsianPaints_ProductDetails_Nurul/src/test/resources/features/ProductDetails3.feature:21)
</pre></div></td>
<td>14</td>
<td>testrunner.ProductDetails_TestRunner_3@35aea049</td></tr>
<tr>
<td title='testrunner.ProductDetails_TestRunner_3.runScenario()'><b>runScenario</b><br>Test class: testrunner.ProductDetails_TestRunner_3<br>Test method: Runs Cucumber Scenarios<br>Parameters: "Verify Pincode functionality with valid data", "ProductDetails"</td>
<td><div><pre>org.openqa.selenium.ElementClickInterceptedException: element click intercepted: Element &lt;input name=&quot;q&quot; class=&quot;commonTextComp track_search_click&quot; type=&quot;text&quot; autocomplete=&quot;off&quot; placeholder=&quot;Search&quot;&gt; is not clickable at point (615, 70). Other element would receive the click: &lt;iframe marginheight=&quot;0&quot; marginwidth=&quot;0&quot; class=&quot;__st_preview_frame_bpn&quot; style=&quot;display: block; z-index: 16776272; height:100%; width:100%; position: fixed; visibility: visible; top: 0; overflow: hidden; bottom:0;&quot; frameborder=&quot;0&quot;&gt;&lt;/iframe&gt;
  (Session info: chrome=114.0.5735.110)
Build info: version: &apos;4.9.0&apos;, revision: &apos;d7057100a6&apos;
System info: os.name: &apos;Windows 11&apos;, os.arch: &apos;amd64&apos;, os.version: &apos;10.0&apos;, java.version: &apos;17.0.6&apos;
Driver info: org.openqa.selenium.chrome.ChromeDriver
Command: [f663348ca2772de995c27d34a44ba7ed, clickElement {id=16FC5FDA82F94CF8F6A77F7B458E9777_element_39}]
Capabilities {acceptInsecureCerts: false, browserName: chrome, browserVersion: 114.0.5735.110, chrome: {chromedriverVersion: 113.0.5672.63 (0e1a4471d5ae..., userDataDir: C:\Program Files (x86)\scop...}, goog:chromeOptions: {debuggerAddress: localhost:55844}, networkConnectionEnabled: false, pageLoadStrategy: normal, platformName: WINDOWS, proxy: Proxy(), se:cdp: ws://localhost:55844/devtoo..., se:cdpVersion: 114.0.5735.110, setWindowRect: true, strictFileInteractability: false, timeouts: {implicit: 0, pageLoad: 300000, script: 30000}, unhandledPromptBehavior: dismiss and notify, webauthn:extension:credBlob: true, webauthn:extension:largeBlob: true, webauthn:extension:minPinLength: true, webauthn:extension:prf: true, webauthn:virtualAuthenticators: true}
Element: [[ChromeDriver: chrome on WINDOWS (f663348ca2772de995c27d34a44ba7ed)] -&gt; xpath: //input[@class=&apos;commonTextComp track_search_click&apos;]]
Session ID: f663348ca2772de995c27d34a44ba7ed
	at org.openqa.selenium.remote.codec.w3c.W3CHttpResponseCodec.createException(W3CHttpResponseCodec.java:200)
	at org.openqa.selenium.remote.codec.w3c.W3CHttpResponseCodec.decode(W3CHttpResponseCodec.java:133)
	at org.openqa.selenium.remote.codec.w3c.W3CHttpResponseCodec.decode(W3CHttpResponseCodec.java:53)
	at org.openqa.selenium.remote.HttpCommandExecutor.execute(HttpCommandExecutor.java:193)
	at org.openqa.selenium.remote.service.DriverCommandExecutor.invokeExecute(DriverCommandExecutor.java:183)
	at org.openqa.selenium.remote.service.DriverCommandExecutor.execute(DriverCommandExecutor.java:158)
	at org.openqa.selenium.remote.RemoteWebDriver.execute(RemoteWebDriver.java:543)
	at org.openqa.selenium.remote.RemoteWebElement.execute(RemoteWebElement.java:257)
	at org.openqa.selenium.remote.RemoteWebElement.click(RemoteWebElement.java:78)
	at org.openqa.selenium.support.pagefactory.internal.LocatingElementHandler.invoke(LocatingElementHandler.java:52)
	at jdk.proxy2/jdk.proxy2.$Proxy26.click(Unknown Source)
	at com.pages.Page01_LandingPage.productListPageNavigation1(Page01_LandingPage.java:84)
	at productdetails_stepdefinition_3.ProductDetails_StepDefinition_3.user_searches_the_product(ProductDetails_StepDefinition_3.java:81)
	at ?.User searches the product(file:///C:/Users/NBARBHUI/Desktop/My%20Main%20AsianPaints%20Project/AsianPaints_ProductDetails_Nurul/src/test/resources/features/ProductDetails3.feature:5)
... Removed 8 stack frames</pre></div><a href='#' onClick='toggleBox("stack-trace469383315", this, "Click to show all stack frames", "Click to hide stack frames")'>Click to show all stack frames</a>
<div class='stack-trace' id='stack-trace469383315'><pre>org.openqa.selenium.ElementClickInterceptedException: element click intercepted: Element &lt;input name=&quot;q&quot; class=&quot;commonTextComp track_search_click&quot; type=&quot;text&quot; autocomplete=&quot;off&quot; placeholder=&quot;Search&quot;&gt; is not clickable at point (615, 70). Other element would receive the click: &lt;iframe marginheight=&quot;0&quot; marginwidth=&quot;0&quot; class=&quot;__st_preview_frame_bpn&quot; style=&quot;display: block; z-index: 16776272; height:100%; width:100%; position: fixed; visibility: visible; top: 0; overflow: hidden; bottom:0;&quot; frameborder=&quot;0&quot;&gt;&lt;/iframe&gt;
  (Session info: chrome=114.0.5735.110)
Build info: version: &apos;4.9.0&apos;, revision: &apos;d7057100a6&apos;
System info: os.name: &apos;Windows 11&apos;, os.arch: &apos;amd64&apos;, os.version: &apos;10.0&apos;, java.version: &apos;17.0.6&apos;
Driver info: org.openqa.selenium.chrome.ChromeDriver
Command: [f663348ca2772de995c27d34a44ba7ed, clickElement {id=16FC5FDA82F94CF8F6A77F7B458E9777_element_39}]
Capabilities {acceptInsecureCerts: false, browserName: chrome, browserVersion: 114.0.5735.110, chrome: {chromedriverVersion: 113.0.5672.63 (0e1a4471d5ae..., userDataDir: C:\Program Files (x86)\scop...}, goog:chromeOptions: {debuggerAddress: localhost:55844}, networkConnectionEnabled: false, pageLoadStrategy: normal, platformName: WINDOWS, proxy: Proxy(), se:cdp: ws://localhost:55844/devtoo..., se:cdpVersion: 114.0.5735.110, setWindowRect: true, strictFileInteractability: false, timeouts: {implicit: 0, pageLoad: 300000, script: 30000}, unhandledPromptBehavior: dismiss and notify, webauthn:extension:credBlob: true, webauthn:extension:largeBlob: true, webauthn:extension:minPinLength: true, webauthn:extension:prf: true, webauthn:virtualAuthenticators: true}
Element: [[ChromeDriver: chrome on WINDOWS (f663348ca2772de995c27d34a44ba7ed)] -&gt; xpath: //input[@class=&apos;commonTextComp track_search_click&apos;]]
Session ID: f663348ca2772de995c27d34a44ba7ed
	at java.base/jdk.internal.reflect.NativeConstructorAccessorImpl.newInstance0(Native Method)
	at java.base/jdk.internal.reflect.NativeConstructorAccessorImpl.newInstance(NativeConstructorAccessorImpl.java:77)
	at java.base/jdk.internal.reflect.DelegatingConstructorAccessorImpl.newInstance(DelegatingConstructorAccessorImpl.java:45)
	at java.base/java.lang.reflect.Constructor.newInstanceWithCaller(Constructor.java:499)
	at java.base/java.lang.reflect.Constructor.newInstance(Constructor.java:480)
	at org.openqa.selenium.remote.codec.w3c.W3CHttpResponseCodec.createException(W3CHttpResponseCodec.java:200)
	at org.openqa.selenium.remote.codec.w3c.W3CHttpResponseCodec.decode(W3CHttpResponseCodec.java:133)
	at org.openqa.selenium.remote.codec.w3c.W3CHttpResponseCodec.decode(W3CHttpResponseCodec.java:53)
	at org.openqa.selenium.remote.HttpCommandExecutor.execute(HttpCommandExecutor.java:193)
	at org.openqa.selenium.remote.service.DriverCommandExecutor.invokeExecute(DriverCommandExecutor.java:183)
	at org.openqa.selenium.remote.service.DriverCommandExecutor.execute(DriverCommandExecutor.java:158)
	at org.openqa.selenium.remote.RemoteWebDriver.execute(RemoteWebDriver.java:543)
	at org.openqa.selenium.remote.RemoteWebElement.execute(RemoteWebElement.java:257)
	at org.openqa.selenium.remote.RemoteWebElement.click(RemoteWebElement.java:78)
	at jdk.internal.reflect.GeneratedMethodAccessor71.invoke(Unknown Source)
	at java.base/jdk.internal.reflect.DelegatingMethodAccessorImpl.invoke(DelegatingMethodAccessorImpl.java:43)
	at java.base/java.lang.reflect.Method.invoke(Method.java:568)
	at org.openqa.selenium.support.pagefactory.internal.LocatingElementHandler.invoke(LocatingElementHandler.java:52)
	at jdk.proxy2/jdk.proxy2.$Proxy26.click(Unknown Source)
	at com.pages.Page01_LandingPage.productListPageNavigation1(Page01_LandingPage.java:84)
	at productdetails_stepdefinition_3.ProductDetails_StepDefinition_3.user_searches_the_product(ProductDetails_StepDefinition_3.java:81)
	at ?.User searches the product(file:///C:/Users/NBARBHUI/Desktop/My%20Main%20AsianPaints%20Project/AsianPaints_ProductDetails_Nurul/src/test/resources/features/ProductDetails3.feature:5)
</pre></div></td>
<td>14</td>
<td>testrunner.ProductDetails_TestRunner_3@35aea049</td></tr>
<tr>
<td title='testrunner.ProductDetails_TestRunner_3.runScenario()'><b>runScenario</b><br>Test class: testrunner.ProductDetails_TestRunner_3<br>Test method: Runs Cucumber Scenarios<br>Parameters: "Verify Pincode functionality with valid data", "ProductDetails"</td>
<td><div><pre>org.openqa.selenium.ElementClickInterceptedException: element click intercepted: Element &lt;input name=&quot;q&quot; class=&quot;commonTextComp track_search_click&quot; type=&quot;text&quot; autocomplete=&quot;off&quot; placeholder=&quot;Search&quot;&gt; is not clickable at point (615, 70). Other element would receive the click: &lt;iframe marginheight=&quot;0&quot; marginwidth=&quot;0&quot; class=&quot;__st_preview_frame_bpn&quot; style=&quot;display: block; z-index: 16776272; height:100%; width:100%; position: fixed; visibility: visible; top: 0; overflow: hidden; bottom:0;&quot; frameborder=&quot;0&quot;&gt;&lt;/iframe&gt;
  (Session info: chrome=114.0.5735.110)
Build info: version: &apos;4.9.0&apos;, revision: &apos;d7057100a6&apos;
System info: os.name: &apos;Windows 11&apos;, os.arch: &apos;amd64&apos;, os.version: &apos;10.0&apos;, java.version: &apos;17.0.6&apos;
Driver info: org.openqa.selenium.chrome.ChromeDriver
Command: [413eb7e5c4b6b310b0802553c8b0d8b6, clickElement {id=E1EDF5B99EBB99EBED01E4B824122E9B_element_44}]
Capabilities {acceptInsecureCerts: false, browserName: chrome, browserVersion: 114.0.5735.110, chrome: {chromedriverVersion: 113.0.5672.63 (0e1a4471d5ae..., userDataDir: C:\Program Files (x86)\scop...}, goog:chromeOptions: {debuggerAddress: localhost:55909}, networkConnectionEnabled: false, pageLoadStrategy: normal, platformName: WINDOWS, proxy: Proxy(), se:cdp: ws://localhost:55909/devtoo..., se:cdpVersion: 114.0.5735.110, setWindowRect: true, strictFileInteractability: false, timeouts: {implicit: 0, pageLoad: 300000, script: 30000}, unhandledPromptBehavior: dismiss and notify, webauthn:extension:credBlob: true, webauthn:extension:largeBlob: true, webauthn:extension:minPinLength: true, webauthn:extension:prf: true, webauthn:virtualAuthenticators: true}
Element: [[ChromeDriver: chrome on WINDOWS (413eb7e5c4b6b310b0802553c8b0d8b6)] -&gt; xpath: //input[@class=&apos;commonTextComp track_search_click&apos;]]
Session ID: 413eb7e5c4b6b310b0802553c8b0d8b6
	at org.openqa.selenium.remote.codec.w3c.W3CHttpResponseCodec.createException(W3CHttpResponseCodec.java:200)
	at org.openqa.selenium.remote.codec.w3c.W3CHttpResponseCodec.decode(W3CHttpResponseCodec.java:133)
	at org.openqa.selenium.remote.codec.w3c.W3CHttpResponseCodec.decode(W3CHttpResponseCodec.java:53)
	at org.openqa.selenium.remote.HttpCommandExecutor.execute(HttpCommandExecutor.java:193)
	at org.openqa.selenium.remote.service.DriverCommandExecutor.invokeExecute(DriverCommandExecutor.java:183)
	at org.openqa.selenium.remote.service.DriverCommandExecutor.execute(DriverCommandExecutor.java:158)
	at org.openqa.selenium.remote.RemoteWebDriver.execute(RemoteWebDriver.java:543)
	at org.openqa.selenium.remote.RemoteWebElement.execute(RemoteWebElement.java:257)
	at org.openqa.selenium.remote.RemoteWebElement.click(RemoteWebElement.java:78)
	at org.openqa.selenium.support.pagefactory.internal.LocatingElementHandler.invoke(LocatingElementHandler.java:52)
	at jdk.proxy2/jdk.proxy2.$Proxy26.click(Unknown Source)
	at com.pages.Page01_LandingPage.productListPageNavigation1(Page01_LandingPage.java:84)
	at productdetails_stepdefinition_3.ProductDetails_StepDefinition_3.user_searches_the_product(ProductDetails_StepDefinition_3.java:81)
	at ?.User searches the product(file:///C:/Users/NBARBHUI/Desktop/My%20Main%20AsianPaints%20Project/AsianPaints_ProductDetails_Nurul/src/test/resources/features/ProductDetails3.feature:5)
... Removed 8 stack frames</pre></div><a href='#' onClick='toggleBox("stack-trace259426095", this, "Click to show all stack frames", "Click to hide stack frames")'>Click to show all stack frames</a>
<div class='stack-trace' id='stack-trace259426095'><pre>org.openqa.selenium.ElementClickInterceptedException: element click intercepted: Element &lt;input name=&quot;q&quot; class=&quot;commonTextComp track_search_click&quot; type=&quot;text&quot; autocomplete=&quot;off&quot; placeholder=&quot;Search&quot;&gt; is not clickable at point (615, 70). Other element would receive the click: &lt;iframe marginheight=&quot;0&quot; marginwidth=&quot;0&quot; class=&quot;__st_preview_frame_bpn&quot; style=&quot;display: block; z-index: 16776272; height:100%; width:100%; position: fixed; visibility: visible; top: 0; overflow: hidden; bottom:0;&quot; frameborder=&quot;0&quot;&gt;&lt;/iframe&gt;
  (Session info: chrome=114.0.5735.110)
Build info: version: &apos;4.9.0&apos;, revision: &apos;d7057100a6&apos;
System info: os.name: &apos;Windows 11&apos;, os.arch: &apos;amd64&apos;, os.version: &apos;10.0&apos;, java.version: &apos;17.0.6&apos;
Driver info: org.openqa.selenium.chrome.ChromeDriver
Command: [413eb7e5c4b6b310b0802553c8b0d8b6, clickElement {id=E1EDF5B99EBB99EBED01E4B824122E9B_element_44}]
Capabilities {acceptInsecureCerts: false, browserName: chrome, browserVersion: 114.0.5735.110, chrome: {chromedriverVersion: 113.0.5672.63 (0e1a4471d5ae..., userDataDir: C:\Program Files (x86)\scop...}, goog:chromeOptions: {debuggerAddress: localhost:55909}, networkConnectionEnabled: false, pageLoadStrategy: normal, platformName: WINDOWS, proxy: Proxy(), se:cdp: ws://localhost:55909/devtoo..., se:cdpVersion: 114.0.5735.110, setWindowRect: true, strictFileInteractability: false, timeouts: {implicit: 0, pageLoad: 300000, script: 30000}, unhandledPromptBehavior: dismiss and notify, webauthn:extension:credBlob: true, webauthn:extension:largeBlob: true, webauthn:extension:minPinLength: true, webauthn:extension:prf: true, webauthn:virtualAuthenticators: true}
Element: [[ChromeDriver: chrome on WINDOWS (413eb7e5c4b6b310b0802553c8b0d8b6)] -&gt; xpath: //input[@class=&apos;commonTextComp track_search_click&apos;]]
Session ID: 413eb7e5c4b6b310b0802553c8b0d8b6
	at java.base/jdk.internal.reflect.NativeConstructorAccessorImpl.newInstance0(Native Method)
	at java.base/jdk.internal.reflect.NativeConstructorAccessorImpl.newInstance(NativeConstructorAccessorImpl.java:77)
	at java.base/jdk.internal.reflect.DelegatingConstructorAccessorImpl.newInstance(DelegatingConstructorAccessorImpl.java:45)
	at java.base/java.lang.reflect.Constructor.newInstanceWithCaller(Constructor.java:499)
	at java.base/java.lang.reflect.Constructor.newInstance(Constructor.java:480)
	at org.openqa.selenium.remote.codec.w3c.W3CHttpResponseCodec.createException(W3CHttpResponseCodec.java:200)
	at org.openqa.selenium.remote.codec.w3c.W3CHttpResponseCodec.decode(W3CHttpResponseCodec.java:133)
	at org.openqa.selenium.remote.codec.w3c.W3CHttpResponseCodec.decode(W3CHttpResponseCodec.java:53)
	at org.openqa.selenium.remote.HttpCommandExecutor.execute(HttpCommandExecutor.java:193)
	at org.openqa.selenium.remote.service.DriverCommandExecutor.invokeExecute(DriverCommandExecutor.java:183)
	at org.openqa.selenium.remote.service.DriverCommandExecutor.execute(DriverCommandExecutor.java:158)
	at org.openqa.selenium.remote.RemoteWebDriver.execute(RemoteWebDriver.java:543)
	at org.openqa.selenium.remote.RemoteWebElement.execute(RemoteWebElement.java:257)
	at org.openqa.selenium.remote.RemoteWebElement.click(RemoteWebElement.java:78)
	at jdk.internal.reflect.GeneratedMethodAccessor71.invoke(Unknown Source)
	at java.base/jdk.internal.reflect.DelegatingMethodAccessorImpl.invoke(DelegatingMethodAccessorImpl.java:43)
	at java.base/java.lang.reflect.Method.invoke(Method.java:568)
	at org.openqa.selenium.support.pagefactory.internal.LocatingElementHandler.invoke(LocatingElementHandler.java:52)
	at jdk.proxy2/jdk.proxy2.$Proxy26.click(Unknown Source)
	at com.pages.Page01_LandingPage.productListPageNavigation1(Page01_LandingPage.java:84)
	at productdetails_stepdefinition_3.ProductDetails_StepDefinition_3.user_searches_the_product(ProductDetails_StepDefinition_3.java:81)
	at ?.User searches the product(file:///C:/Users/NBARBHUI/Desktop/My%20Main%20AsianPaints%20Project/AsianPaints_ProductDetails_Nurul/src/test/resources/features/ProductDetails3.feature:5)
</pre></div></td>
<td>14</td>
<td>testrunner.ProductDetails_TestRunner_3@35aea049</td></tr>
<tr>
<td title='testrunner.ProductDetails_TestRunner_2.runScenario()'><b>runScenario</b><br>Test class: testrunner.ProductDetails_TestRunner_2<br>Test method: Runs Cucumber Scenarios<br>Parameters: "Verify Pincode functionality with invalid data", "ProductDetails"</td>
<td><div><pre>org.openqa.selenium.ElementClickInterceptedException: element click intercepted: Element &lt;input name=&quot;q&quot; class=&quot;commonTextComp track_search_click&quot; type=&quot;text&quot; autocomplete=&quot;off&quot; placeholder=&quot;Search&quot;&gt; is not clickable at point (615, 70). Other element would receive the click: &lt;iframe marginheight=&quot;0&quot; marginwidth=&quot;0&quot; class=&quot;__st_preview_frame_bpn&quot; style=&quot;display: block; z-index: 16776272; height:100%; width:100%; position: fixed; visibility: visible; top: 0; overflow: hidden; bottom:0;&quot; frameborder=&quot;0&quot;&gt;&lt;/iframe&gt;
  (Session info: chrome=114.0.5735.110)
Build info: version: &apos;4.9.0&apos;, revision: &apos;d7057100a6&apos;
System info: os.name: &apos;Windows 11&apos;, os.arch: &apos;amd64&apos;, os.version: &apos;10.0&apos;, java.version: &apos;17.0.6&apos;
Driver info: org.openqa.selenium.chrome.ChromeDriver
Command: [a45ee83872195f911070e532b2831699, clickElement {id=7F0C17E45BA9CC1F97C1D56313EEACD5_element_37}]
Capabilities {acceptInsecureCerts: false, browserName: chrome, browserVersion: 114.0.5735.110, chrome: {chromedriverVersion: 113.0.5672.63 (0e1a4471d5ae..., userDataDir: C:\Program Files (x86)\scop...}, goog:chromeOptions: {debuggerAddress: localhost:55688}, networkConnectionEnabled: false, pageLoadStrategy: normal, platformName: WINDOWS, proxy: Proxy(), se:cdp: ws://localhost:55688/devtoo..., se:cdpVersion: 114.0.5735.110, setWindowRect: true, strictFileInteractability: false, timeouts: {implicit: 0, pageLoad: 300000, script: 30000}, unhandledPromptBehavior: dismiss and notify, webauthn:extension:credBlob: true, webauthn:extension:largeBlob: true, webauthn:extension:minPinLength: true, webauthn:extension:prf: true, webauthn:virtualAuthenticators: true}
Element: [[ChromeDriver: chrome on WINDOWS (a45ee83872195f911070e532b2831699)] -&gt; xpath: //input[@class=&apos;commonTextComp track_search_click&apos;]]
Session ID: a45ee83872195f911070e532b2831699
	at org.openqa.selenium.remote.codec.w3c.W3CHttpResponseCodec.createException(W3CHttpResponseCodec.java:200)
	at org.openqa.selenium.remote.codec.w3c.W3CHttpResponseCodec.decode(W3CHttpResponseCodec.java:133)
	at org.openqa.selenium.remote.codec.w3c.W3CHttpResponseCodec.decode(W3CHttpResponseCodec.java:53)
	at org.openqa.selenium.remote.HttpCommandExecutor.execute(HttpCommandExecutor.java:193)
	at org.openqa.selenium.remote.service.DriverCommandExecutor.invokeExecute(DriverCommandExecutor.java:183)
	at org.openqa.selenium.remote.service.DriverCommandExecutor.execute(DriverCommandExecutor.java:158)
	at org.openqa.selenium.remote.RemoteWebDriver.execute(RemoteWebDriver.java:543)
	at org.openqa.selenium.remote.RemoteWebElement.execute(RemoteWebElement.java:257)
	at org.openqa.selenium.remote.RemoteWebElement.click(RemoteWebElement.java:78)
	at org.openqa.selenium.support.pagefactory.internal.LocatingElementHandler.invoke(LocatingElementHandler.java:52)
	at jdk.proxy2/jdk.proxy2.$Proxy26.click(Unknown Source)
	at com.pages.Page01_LandingPage.productListPageNavigation1(Page01_LandingPage.java:84)
	at productdetails_stepdefinition_2.ProductDetails_StepDefinition_2.user_searches_the_product(ProductDetails_StepDefinition_2.java:73)
	at ?.User searches the product(file:///C:/Users/NBARBHUI/Desktop/My%20Main%20AsianPaints%20Project/AsianPaints_ProductDetails_Nurul/src/test/resources/features/ProductDetails2.feature:21)
... Removed 8 stack frames</pre></div><a href='#' onClick='toggleBox("stack-trace2116802022", this, "Click to show all stack frames", "Click to hide stack frames")'>Click to show all stack frames</a>
<div class='stack-trace' id='stack-trace2116802022'><pre>org.openqa.selenium.ElementClickInterceptedException: element click intercepted: Element &lt;input name=&quot;q&quot; class=&quot;commonTextComp track_search_click&quot; type=&quot;text&quot; autocomplete=&quot;off&quot; placeholder=&quot;Search&quot;&gt; is not clickable at point (615, 70). Other element would receive the click: &lt;iframe marginheight=&quot;0&quot; marginwidth=&quot;0&quot; class=&quot;__st_preview_frame_bpn&quot; style=&quot;display: block; z-index: 16776272; height:100%; width:100%; position: fixed; visibility: visible; top: 0; overflow: hidden; bottom:0;&quot; frameborder=&quot;0&quot;&gt;&lt;/iframe&gt;
  (Session info: chrome=114.0.5735.110)
Build info: version: &apos;4.9.0&apos;, revision: &apos;d7057100a6&apos;
System info: os.name: &apos;Windows 11&apos;, os.arch: &apos;amd64&apos;, os.version: &apos;10.0&apos;, java.version: &apos;17.0.6&apos;
Driver info: org.openqa.selenium.chrome.ChromeDriver
Command: [a45ee83872195f911070e532b2831699, clickElement {id=7F0C17E45BA9CC1F97C1D56313EEACD5_element_37}]
Capabilities {acceptInsecureCerts: false, browserName: chrome, browserVersion: 114.0.5735.110, chrome: {chromedriverVersion: 113.0.5672.63 (0e1a4471d5ae..., userDataDir: C:\Program Files (x86)\scop...}, goog:chromeOptions: {debuggerAddress: localhost:55688}, networkConnectionEnabled: false, pageLoadStrategy: normal, platformName: WINDOWS, proxy: Proxy(), se:cdp: ws://localhost:55688/devtoo..., se:cdpVersion: 114.0.5735.110, setWindowRect: true, strictFileInteractability: false, timeouts: {implicit: 0, pageLoad: 300000, script: 30000}, unhandledPromptBehavior: dismiss and notify, webauthn:extension:credBlob: true, webauthn:extension:largeBlob: true, webauthn:extension:minPinLength: true, webauthn:extension:prf: true, webauthn:virtualAuthenticators: true}
Element: [[ChromeDriver: chrome on WINDOWS (a45ee83872195f911070e532b2831699)] -&gt; xpath: //input[@class=&apos;commonTextComp track_search_click&apos;]]
Session ID: a45ee83872195f911070e532b2831699
	at java.base/jdk.internal.reflect.NativeConstructorAccessorImpl.newInstance0(Native Method)
	at java.base/jdk.internal.reflect.NativeConstructorAccessorImpl.newInstance(NativeConstructorAccessorImpl.java:77)
	at java.base/jdk.internal.reflect.DelegatingConstructorAccessorImpl.newInstance(DelegatingConstructorAccessorImpl.java:45)
	at java.base/java.lang.reflect.Constructor.newInstanceWithCaller(Constructor.java:499)
	at java.base/java.lang.reflect.Constructor.newInstance(Constructor.java:480)
	at org.openqa.selenium.remote.codec.w3c.W3CHttpResponseCodec.createException(W3CHttpResponseCodec.java:200)
	at org.openqa.selenium.remote.codec.w3c.W3CHttpResponseCodec.decode(W3CHttpResponseCodec.java:133)
	at org.openqa.selenium.remote.codec.w3c.W3CHttpResponseCodec.decode(W3CHttpResponseCodec.java:53)
	at org.openqa.selenium.remote.HttpCommandExecutor.execute(HttpCommandExecutor.java:193)
	at org.openqa.selenium.remote.service.DriverCommandExecutor.invokeExecute(DriverCommandExecutor.java:183)
	at org.openqa.selenium.remote.service.DriverCommandExecutor.execute(DriverCommandExecutor.java:158)
	at org.openqa.selenium.remote.RemoteWebDriver.execute(RemoteWebDriver.java:543)
	at org.openqa.selenium.remote.RemoteWebElement.execute(RemoteWebElement.java:257)
	at org.openqa.selenium.remote.RemoteWebElement.click(RemoteWebElement.java:78)
	at jdk.internal.reflect.GeneratedMethodAccessor71.invoke(Unknown Source)
	at java.base/jdk.internal.reflect.DelegatingMethodAccessorImpl.invoke(DelegatingMethodAccessorImpl.java:43)
	at java.base/java.lang.reflect.Method.invoke(Method.java:568)
	at org.openqa.selenium.support.pagefactory.internal.LocatingElementHandler.invoke(LocatingElementHandler.java:52)
	at jdk.proxy2/jdk.proxy2.$Proxy26.click(Unknown Source)
	at com.pages.Page01_LandingPage.productListPageNavigation1(Page01_LandingPage.java:84)
	at productdetails_stepdefinition_2.ProductDetails_StepDefinition_2.user_searches_the_product(ProductDetails_StepDefinition_2.java:73)
	at ?.User searches the product(file:///C:/Users/NBARBHUI/Desktop/My%20Main%20AsianPaints%20Project/AsianPaints_ProductDetails_Nurul/src/test/resources/features/ProductDetails2.feature:21)
</pre></div></td>
<td>16</td>
<td>testrunner.ProductDetails_TestRunner_2@169e6180</td></tr>
<tr>
<td title='testrunner.ProductDetails_TestRunner_2.runScenario()'><b>runScenario</b><br>Test class: testrunner.ProductDetails_TestRunner_2<br>Test method: Runs Cucumber Scenarios<br>Parameters: "Verify Pincode functionality with invalid data", "ProductDetails"</td>
<td><div><pre>org.openqa.selenium.ElementClickInterceptedException: element click intercepted: Element &lt;input name=&quot;q&quot; class=&quot;commonTextComp track_search_click&quot; type=&quot;text&quot; autocomplete=&quot;off&quot; placeholder=&quot;Search&quot;&gt; is not clickable at point (615, 70). Other element would receive the click: &lt;iframe marginheight=&quot;0&quot; marginwidth=&quot;0&quot; class=&quot;__st_preview_frame_bpn&quot; style=&quot;display: block; z-index: 16776272; height:100%; width:100%; position: fixed; visibility: visible; top: 0; overflow: hidden; bottom:0;&quot; frameborder=&quot;0&quot;&gt;&lt;/iframe&gt;
  (Session info: chrome=114.0.5735.110)
Build info: version: &apos;4.9.0&apos;, revision: &apos;d7057100a6&apos;
System info: os.name: &apos;Windows 11&apos;, os.arch: &apos;amd64&apos;, os.version: &apos;10.0&apos;, java.version: &apos;17.0.6&apos;
Driver info: org.openqa.selenium.chrome.ChromeDriver
Command: [4edf617adc4875033bf0d36a750474b2, clickElement {id=DDCEE084F39EEEAC3DDA544678243D9A_element_34}]
Capabilities {acceptInsecureCerts: false, browserName: chrome, browserVersion: 114.0.5735.110, chrome: {chromedriverVersion: 113.0.5672.63 (0e1a4471d5ae..., userDataDir: C:\Program Files (x86)\scop...}, goog:chromeOptions: {debuggerAddress: localhost:55761}, networkConnectionEnabled: false, pageLoadStrategy: normal, platformName: WINDOWS, proxy: Proxy(), se:cdp: ws://localhost:55761/devtoo..., se:cdpVersion: 114.0.5735.110, setWindowRect: true, strictFileInteractability: false, timeouts: {implicit: 0, pageLoad: 300000, script: 30000}, unhandledPromptBehavior: dismiss and notify, webauthn:extension:credBlob: true, webauthn:extension:largeBlob: true, webauthn:extension:minPinLength: true, webauthn:extension:prf: true, webauthn:virtualAuthenticators: true}
Element: [[ChromeDriver: chrome on WINDOWS (4edf617adc4875033bf0d36a750474b2)] -&gt; xpath: //input[@class=&apos;commonTextComp track_search_click&apos;]]
Session ID: 4edf617adc4875033bf0d36a750474b2
	at org.openqa.selenium.remote.codec.w3c.W3CHttpResponseCodec.createException(W3CHttpResponseCodec.java:200)
	at org.openqa.selenium.remote.codec.w3c.W3CHttpResponseCodec.decode(W3CHttpResponseCodec.java:133)
	at org.openqa.selenium.remote.codec.w3c.W3CHttpResponseCodec.decode(W3CHttpResponseCodec.java:53)
	at org.openqa.selenium.remote.HttpCommandExecutor.execute(HttpCommandExecutor.java:193)
	at org.openqa.selenium.remote.service.DriverCommandExecutor.invokeExecute(DriverCommandExecutor.java:183)
	at org.openqa.selenium.remote.service.DriverCommandExecutor.execute(DriverCommandExecutor.java:158)
	at org.openqa.selenium.remote.RemoteWebDriver.execute(RemoteWebDriver.java:543)
	at org.openqa.selenium.remote.RemoteWebElement.execute(RemoteWebElement.java:257)
	at org.openqa.selenium.remote.RemoteWebElement.click(RemoteWebElement.java:78)
	at org.openqa.selenium.support.pagefactory.internal.LocatingElementHandler.invoke(LocatingElementHandler.java:52)
	at jdk.proxy2/jdk.proxy2.$Proxy26.click(Unknown Source)
	at com.pages.Page01_LandingPage.productListPageNavigation1(Page01_LandingPage.java:84)
	at productdetails_stepdefinition_2.ProductDetails_StepDefinition_2.user_searches_the_product(ProductDetails_StepDefinition_2.java:73)
	at ?.User searches the product(file:///C:/Users/NBARBHUI/Desktop/My%20Main%20AsianPaints%20Project/AsianPaints_ProductDetails_Nurul/src/test/resources/features/ProductDetails2.feature:21)
... Removed 8 stack frames</pre></div><a href='#' onClick='toggleBox("stack-trace805976295", this, "Click to show all stack frames", "Click to hide stack frames")'>Click to show all stack frames</a>
<div class='stack-trace' id='stack-trace805976295'><pre>org.openqa.selenium.ElementClickInterceptedException: element click intercepted: Element &lt;input name=&quot;q&quot; class=&quot;commonTextComp track_search_click&quot; type=&quot;text&quot; autocomplete=&quot;off&quot; placeholder=&quot;Search&quot;&gt; is not clickable at point (615, 70). Other element would receive the click: &lt;iframe marginheight=&quot;0&quot; marginwidth=&quot;0&quot; class=&quot;__st_preview_frame_bpn&quot; style=&quot;display: block; z-index: 16776272; height:100%; width:100%; position: fixed; visibility: visible; top: 0; overflow: hidden; bottom:0;&quot; frameborder=&quot;0&quot;&gt;&lt;/iframe&gt;
  (Session info: chrome=114.0.5735.110)
Build info: version: &apos;4.9.0&apos;, revision: &apos;d7057100a6&apos;
System info: os.name: &apos;Windows 11&apos;, os.arch: &apos;amd64&apos;, os.version: &apos;10.0&apos;, java.version: &apos;17.0.6&apos;
Driver info: org.openqa.selenium.chrome.ChromeDriver
Command: [4edf617adc4875033bf0d36a750474b2, clickElement {id=DDCEE084F39EEEAC3DDA544678243D9A_element_34}]
Capabilities {acceptInsecureCerts: false, browserName: chrome, browserVersion: 114.0.5735.110, chrome: {chromedriverVersion: 113.0.5672.63 (0e1a4471d5ae..., userDataDir: C:\Program Files (x86)\scop...}, goog:chromeOptions: {debuggerAddress: localhost:55761}, networkConnectionEnabled: false, pageLoadStrategy: normal, platformName: WINDOWS, proxy: Proxy(), se:cdp: ws://localhost:55761/devtoo..., se:cdpVersion: 114.0.5735.110, setWindowRect: true, strictFileInteractability: false, timeouts: {implicit: 0, pageLoad: 300000, script: 30000}, unhandledPromptBehavior: dismiss and notify, webauthn:extension:credBlob: true, webauthn:extension:largeBlob: true, webauthn:extension:minPinLength: true, webauthn:extension:prf: true, webauthn:virtualAuthenticators: true}
Element: [[ChromeDriver: chrome on WINDOWS (4edf617adc4875033bf0d36a750474b2)] -&gt; xpath: //input[@class=&apos;commonTextComp track_search_click&apos;]]
Session ID: 4edf617adc4875033bf0d36a750474b2
	at java.base/jdk.internal.reflect.NativeConstructorAccessorImpl.newInstance0(Native Method)
	at java.base/jdk.internal.reflect.NativeConstructorAccessorImpl.newInstance(NativeConstructorAccessorImpl.java:77)
	at java.base/jdk.internal.reflect.DelegatingConstructorAccessorImpl.newInstance(DelegatingConstructorAccessorImpl.java:45)
	at java.base/java.lang.reflect.Constructor.newInstanceWithCaller(Constructor.java:499)
	at java.base/java.lang.reflect.Constructor.newInstance(Constructor.java:480)
	at org.openqa.selenium.remote.codec.w3c.W3CHttpResponseCodec.createException(W3CHttpResponseCodec.java:200)
	at org.openqa.selenium.remote.codec.w3c.W3CHttpResponseCodec.decode(W3CHttpResponseCodec.java:133)
	at org.openqa.selenium.remote.codec.w3c.W3CHttpResponseCodec.decode(W3CHttpResponseCodec.java:53)
	at org.openqa.selenium.remote.HttpCommandExecutor.execute(HttpCommandExecutor.java:193)
	at org.openqa.selenium.remote.service.DriverCommandExecutor.invokeExecute(DriverCommandExecutor.java:183)
	at org.openqa.selenium.remote.service.DriverCommandExecutor.execute(DriverCommandExecutor.java:158)
	at org.openqa.selenium.remote.RemoteWebDriver.execute(RemoteWebDriver.java:543)
	at org.openqa.selenium.remote.RemoteWebElement.execute(RemoteWebElement.java:257)
	at org.openqa.selenium.remote.RemoteWebElement.click(RemoteWebElement.java:78)
	at jdk.internal.reflect.GeneratedMethodAccessor71.invoke(Unknown Source)
	at java.base/jdk.internal.reflect.DelegatingMethodAccessorImpl.invoke(DelegatingMethodAccessorImpl.java:43)
	at java.base/java.lang.reflect.Method.invoke(Method.java:568)
	at org.openqa.selenium.support.pagefactory.internal.LocatingElementHandler.invoke(LocatingElementHandler.java:52)
	at jdk.proxy2/jdk.proxy2.$Proxy26.click(Unknown Source)
	at com.pages.Page01_LandingPage.productListPageNavigation1(Page01_LandingPage.java:84)
	at productdetails_stepdefinition_2.ProductDetails_StepDefinition_2.user_searches_the_product(ProductDetails_StepDefinition_2.java:73)
	at ?.User searches the product(file:///C:/Users/NBARBHUI/Desktop/My%20Main%20AsianPaints%20Project/AsianPaints_ProductDetails_Nurul/src/test/resources/features/ProductDetails2.feature:21)
</pre></div></td>
<td>14</td>
<td>testrunner.ProductDetails_TestRunner_2@169e6180</td></tr>
</table><p>
<table width='100%' border='1' class='invocation-passed'>
<tr><td colspan='4' align='center'><b>PASSED TESTS</b></td></tr>
<tr><td><b>Test method</b></td>
<td><b>Attribute(s)</b></td>
<td width="30%"><b>Exception</b></td>
<td width="10%"><b>Time (seconds)</b></td>
<td><b>Instance</b></td>
</tr>
<tr>
<td title='testrunner.ProductDetails_TestRunner_1.runScenario()'><b>runScenario</b><br>Test class: testrunner.ProductDetails_TestRunner_1<br>Test method: Runs Cucumber Scenarios<br>Parameters: "Validate ProductDetails page UI", "ProductDetails"</td>
<td></td>
<td>49</td>
<td>testrunner.ProductDetails_TestRunner_1@28f2a10f</td></tr>
<tr>
<td title='testrunner.ProductDetails_TestRunner_2.runScenario()'><b>runScenario</b><br>Test class: testrunner.ProductDetails_TestRunner_2<br>Test method: Runs Cucumber Scenarios<br>Parameters: "Verify Pincode functionality with valid data", "ProductDetails"</td>
<td></td>
<td>45</td>
<td>testrunner.ProductDetails_TestRunner_2@169e6180</td></tr>
<tr>
<td title='testrunner.ProductDetails_TestRunner_1.runScenario()'><b>runScenario</b><br>Test class: testrunner.ProductDetails_TestRunner_1<br>Test method: Runs Cucumber Scenarios<br>Parameters: "Validate User navigates onto ProductList page", "ProductDetails"</td>
<td></td>
<td>29</td>
<td>testrunner.ProductDetails_TestRunner_1@28f2a10f</td></tr>
<tr>
<td title='testrunner.ProductDetails_TestRunner_1.runScenario()'><b>runScenario</b><br>Test class: testrunner.ProductDetails_TestRunner_1<br>Test method: Runs Cucumber Scenarios<br>Parameters: "Validate quantity field on ProductDetails page", "ProductDetails"</td>
<td></td>
<td>46</td>
<td>testrunner.ProductDetails_TestRunner_1@28f2a10f</td></tr>
<tr>
<td title='testrunner.ProductDetails_TestRunner_2.runScenario()'><b>runScenario</b><br>Test class: testrunner.ProductDetails_TestRunner_2<br>Test method: Runs Cucumber Scenarios<br>Parameters: "Verify Pincode functionality with valid data", "ProductDetails"</td>
<td></td>
<td>52</td>
<td>testrunner.ProductDetails_TestRunner_2@169e6180</td></tr>
<tr>
<td title='testrunner.ProductDetails_TestRunner_3.runScenario()'><b>runScenario</b><br>Test class: testrunner.ProductDetails_TestRunner_3<br>Test method: Runs Cucumber Scenarios<br>Parameters: "Verify Pincode functionality with invalid data", "ProductDetails"</td>
<td></td>
<td>56</td>
<td>testrunner.ProductDetails_TestRunner_3@35aea049</td></tr>
</table><p>
</body>
</html>