<?xml version="1.0" encoding="UTF-8"?>
<testsuite xmlns:xsi="http://www.w3.org/2001/XMLSchema-instance" xsi:noNamespaceSchemaLocation="https://maven.apache.org/surefire/maven-surefire-plugin/xsd/surefire-test-report.xsd" name="TestSuite" time="357.304" tests="11" errors="0" skipped="0" failures="5">
  <properties>
    <property name="java.specification.version" value="17"/>
    <property name="sun.cpu.isalist" value="amd64"/>
    <property name="sun.jnu.encoding" value="Cp1252"/>
    <property name="java.class.path" value="C:\Users\NBARBHUI\Desktop\My Main AsianPaints Project\AsianPaints_ProductDetails_Nurul\target\test-classes;C:\Users\NBARBHUI\Desktop\My Main AsianPaints Project\AsianPaints_ProductDetails_Nurul\target\classes;C:\Users\NBARBHUI\.m2\repository\org\seleniumhq\selenium\selenium-java\4.9.0\selenium-java-4.9.0.jar;C:\Users\NBARBHUI\.m2\repository\org\seleniumhq\selenium\selenium-api\4.9.0\selenium-api-4.9.0.jar;C:\Users\NBARBHUI\.m2\repository\org\seleniumhq\selenium\selenium-chrome-driver\4.9.0\selenium-chrome-driver-4.9.0.jar;C:\Users\NBARBHUI\.m2\repository\com\google\auto\service\auto-service-annotations\1.0.1\auto-service-annotations-1.0.1.jar;C:\Users\NBARBHUI\.m2\repository\com\google\auto\service\auto-service\1.0.1\auto-service-1.0.1.jar;C:\Users\NBARBHUI\.m2\repository\com\google\auto\auto-common\1.2\auto-common-1.2.jar;C:\Users\NBARBHUI\.m2\repository\com\google\guava\guava\31.1-jre\guava-31.1-jre.jar;C:\Users\NBARBHUI\.m2\repository\com\google\guava\failureaccess\1.0.1\failureaccess-1.0.1.jar;C:\Users\NBARBHUI\.m2\repository\com\google\guava\listenablefuture\9999.0-empty-to-avoid-conflict-with-guava\listenablefuture-9999.0-empty-to-avoid-conflict-with-guava.jar;C:\Users\NBARBHUI\.m2\repository\com\google\code\findbugs\jsr305\3.0.2\jsr305-3.0.2.jar;C:\Users\NBARBHUI\.m2\repository\org\checkerframework\checker-qual\3.12.0\checker-qual-3.12.0.jar;C:\Users\NBARBHUI\.m2\repository\com\google\errorprone\error_prone_annotations\2.11.0\error_prone_annotations-2.11.0.jar;C:\Users\NBARBHUI\.m2\repository\com\google\j2objc\j2objc-annotations\1.3\j2objc-annotations-1.3.jar;C:\Users\NBARBHUI\.m2\repository\org\seleniumhq\selenium\selenium-chromium-driver\4.9.0\selenium-chromium-driver-4.9.0.jar;C:\Users\NBARBHUI\.m2\repository\org\seleniumhq\selenium\selenium-json\4.9.0\selenium-json-4.9.0.jar;C:\Users\NBARBHUI\.m2\repository\org\seleniumhq\selenium\selenium-manager\4.9.0\selenium-manager-4.9.0.jar;C:\Users\NBARBHUI\.m2\repository\org\seleniumhq\selenium\selenium-devtools-v110\4.9.0\selenium-devtools-v110-4.9.0.jar;C:\Users\NBARBHUI\.m2\repository\org\seleniumhq\selenium\selenium-devtools-v111\4.9.0\selenium-devtools-v111-4.9.0.jar;C:\Users\NBARBHUI\.m2\repository\org\seleniumhq\selenium\selenium-devtools-v112\4.9.0\selenium-devtools-v112-4.9.0.jar;C:\Users\NBARBHUI\.m2\repository\org\seleniumhq\selenium\selenium-devtools-v85\4.9.0\selenium-devtools-v85-4.9.0.jar;C:\Users\NBARBHUI\.m2\repository\org\seleniumhq\selenium\selenium-edge-driver\4.9.0\selenium-edge-driver-4.9.0.jar;C:\Users\NBARBHUI\.m2\repository\org\seleniumhq\selenium\selenium-firefox-driver\4.9.0\selenium-firefox-driver-4.9.0.jar;C:\Users\NBARBHUI\.m2\repository\org\seleniumhq\selenium\selenium-http\4.9.0\selenium-http-4.9.0.jar;C:\Users\NBARBHUI\.m2\repository\dev\failsafe\failsafe\3.3.1\failsafe-3.3.1.jar;C:\Users\NBARBHUI\.m2\repository\org\seleniumhq\selenium\selenium-ie-driver\4.9.0\selenium-ie-driver-4.9.0.jar;C:\Users\NBARBHUI\.m2\repository\org\seleniumhq\selenium\selenium-remote-driver\4.9.0\selenium-remote-driver-4.9.0.jar;C:\Users\NBARBHUI\.m2\repository\com\beust\jcommander\1.82\jcommander-1.82.jar;C:\Users\NBARBHUI\.m2\repository\io\netty\netty-buffer\4.1.91.Final\netty-buffer-4.1.91.Final.jar;C:\Users\NBARBHUI\.m2\repository\io\netty\netty-codec-http\4.1.91.Final\netty-codec-http-4.1.91.Final.jar;C:\Users\NBARBHUI\.m2\repository\io\netty\netty-codec\4.1.91.Final\netty-codec-4.1.91.Final.jar;C:\Users\NBARBHUI\.m2\repository\io\netty\netty-handler\4.1.91.Final\netty-handler-4.1.91.Final.jar;C:\Users\NBARBHUI\.m2\repository\io\netty\netty-common\4.1.91.Final\netty-common-4.1.91.Final.jar;C:\Users\NBARBHUI\.m2\repository\io\netty\netty-transport-classes-epoll\4.1.91.Final\netty-transport-classes-epoll-4.1.91.Final.jar;C:\Users\NBARBHUI\.m2\repository\io\netty\netty-transport-classes-kqueue\4.1.91.Final\netty-transport-classes-kqueue-4.1.91.Final.jar;C:\Users\NBARBHUI\.m2\repository\io\netty\netty-transport-native-epoll\4.1.91.Final\netty-transport-native-epoll-4.1.91.Final.jar;C:\Users\NBARBHUI\.m2\repository\io\netty\netty-transport-native-kqueue\4.1.91.Final\netty-transport-native-kqueue-4.1.91.Final.jar;C:\Users\NBARBHUI\.m2\repository\io\netty\netty-transport-native-unix-common\4.1.91.Final\netty-transport-native-unix-common-4.1.91.Final.jar;C:\Users\NBARBHUI\.m2\repository\io\netty\netty-transport\4.1.91.Final\netty-transport-4.1.91.Final.jar;C:\Users\NBARBHUI\.m2\repository\io\netty\netty-resolver\4.1.91.Final\netty-resolver-4.1.91.Final.jar;C:\Users\NBARBHUI\.m2\repository\io\opentelemetry\opentelemetry-api\1.25.0\opentelemetry-api-1.25.0.jar;C:\Users\NBARBHUI\.m2\repository\io\opentelemetry\opentelemetry-context\1.25.0\opentelemetry-context-1.25.0.jar;C:\Users\NBARBHUI\.m2\repository\io\opentelemetry\opentelemetry-exporter-logging\1.25.0\opentelemetry-exporter-logging-1.25.0.jar;C:\Users\NBARBHUI\.m2\repository\io\opentelemetry\opentelemetry-sdk-metrics\1.25.0\opentelemetry-sdk-metrics-1.25.0.jar;C:\Users\NBARBHUI\.m2\repository\io\opentelemetry\opentelemetry-sdk-logs\1.25.0-alpha\opentelemetry-sdk-logs-1.25.0-alpha.jar;C:\Users\NBARBHUI\.m2\repository\io\opentelemetry\opentelemetry-api-logs\1.25.0-alpha\opentelemetry-api-logs-1.25.0-alpha.jar;C:\Users\NBARBHUI\.m2\repository\io\opentelemetry\opentelemetry-api-events\1.25.0-alpha\opentelemetry-api-events-1.25.0-alpha.jar;C:\Users\NBARBHUI\.m2\repository\io\opentelemetry\opentelemetry-sdk-common\1.25.0\opentelemetry-sdk-common-1.25.0.jar;C:\Users\NBARBHUI\.m2\repository\io\opentelemetry\opentelemetry-sdk-extension-autoconfigure-spi\1.25.0\opentelemetry-sdk-extension-autoconfigure-spi-1.25.0.jar;C:\Users\NBARBHUI\.m2\repository\io\opentelemetry\opentelemetry-sdk-extension-autoconfigure\1.25.0-alpha\opentelemetry-sdk-extension-autoconfigure-1.25.0-alpha.jar;C:\Users\NBARBHUI\.m2\repository\io\opentelemetry\opentelemetry-sdk-trace\1.25.0\opentelemetry-sdk-trace-1.25.0.jar;C:\Users\NBARBHUI\.m2\repository\io\opentelemetry\opentelemetry-sdk\1.25.0\opentelemetry-sdk-1.25.0.jar;C:\Users\NBARBHUI\.m2\repository\io\opentelemetry\opentelemetry-semconv\1.25.0-alpha\opentelemetry-semconv-1.25.0-alpha.jar;C:\Users\NBARBHUI\.m2\repository\io\ous\jtoml\2.0.0\jtoml-2.0.0.jar;C:\Users\NBARBHUI\.m2\repository\net\bytebuddy\byte-buddy\1.14.4\byte-buddy-1.14.4.jar;C:\Users\NBARBHUI\.m2\repository\org\apache\commons\commons-exec\1.3\commons-exec-1.3.jar;C:\Users\NBARBHUI\.m2\repository\org\asynchttpclient\async-http-client\2.12.3\async-http-client-2.12.3.jar;C:\Users\NBARBHUI\.m2\repository\org\asynchttpclient\async-http-client-netty-utils\2.12.3\async-http-client-netty-utils-2.12.3.jar;C:\Users\NBARBHUI\.m2\repository\io\netty\netty-codec-socks\4.1.60.Final\netty-codec-socks-4.1.60.Final.jar;C:\Users\NBARBHUI\.m2\repository\io\netty\netty-handler-proxy\4.1.60.Final\netty-handler-proxy-4.1.60.Final.jar;C:\Users\NBARBHUI\.m2\repository\io\netty\netty-transport-native-epoll\4.1.60.Final\netty-transport-native-epoll-4.1.60.Final-linux-x86_64.jar;C:\Users\NBARBHUI\.m2\repository\io\netty\netty-transport-native-kqueue\4.1.60.Final\netty-transport-native-kqueue-4.1.60.Final-osx-x86_64.jar;C:\Users\NBARBHUI\.m2\repository\org\reactivestreams\reactive-streams\1.0.3\reactive-streams-1.0.3.jar;C:\Users\NBARBHUI\.m2\repository\com\typesafe\netty\netty-reactive-streams\2.0.4\netty-reactive-streams-2.0.4.jar;C:\Users\NBARBHUI\.m2\repository\com\sun\activation\jakarta.activation\1.2.2\jakarta.activation-1.2.2.jar;C:\Users\NBARBHUI\.m2\repository\org\seleniumhq\selenium\selenium-safari-driver\4.9.0\selenium-safari-driver-4.9.0.jar;C:\Users\NBARBHUI\.m2\repository\org\seleniumhq\selenium\selenium-support\4.9.0\selenium-support-4.9.0.jar;C:\Users\NBARBHUI\.m2\repository\org\seleniumhq\selenium\htmlunit-driver\4.9.0\htmlunit-driver-4.9.0.jar;C:\Users\NBARBHUI\.m2\repository\net\sourceforge\htmlunit\htmlunit\2.70.0\htmlunit-2.70.0.jar;C:\Users\NBARBHUI\.m2\repository\net\sourceforge\htmlunit\htmlunit-core-js\2.70.0\htmlunit-core-js-2.70.0.jar;C:\Users\NBARBHUI\.m2\repository\net\sourceforge\htmlunit\neko-htmlunit\2.70.0\neko-htmlunit-2.70.0.jar;C:\Users\NBARBHUI\.m2\repository\net\sourceforge\htmlunit\htmlunit-cssparser\1.14.0\htmlunit-cssparser-1.14.0.jar;C:\Users\NBARBHUI\.m2\repository\net\sourceforge\htmlunit\htmlunit-xpath\2.70.0\htmlunit-xpath-2.70.0.jar;C:\Users\NBARBHUI\.m2\repository\org\apache\commons\commons-lang3\3.12.0\commons-lang3-3.12.0.jar;C:\Users\NBARBHUI\.m2\repository\org\apache\commons\commons-text\1.10.0\commons-text-1.10.0.jar;C:\Users\NBARBHUI\.m2\repository\commons-logging\commons-logging\1.2\commons-logging-1.2.jar;C:\Users\NBARBHUI\.m2\repository\commons-net\commons-net\3.9.0\commons-net-3.9.0.jar;C:\Users\NBARBHUI\.m2\repository\org\brotli\dec\0.1.2\dec-0.1.2.jar;C:\Users\NBARBHUI\.m2\repository\com\shapesecurity\salvation2\3.0.1\salvation2-3.0.1.jar;C:\Users\NBARBHUI\.m2\repository\org\eclipse\jetty\websocket\websocket-client\9.4.50.v20221201\websocket-client-9.4.50.v20221201.jar;C:\Users\NBARBHUI\.m2\repository\org\eclipse\jetty\jetty-client\9.4.50.v20221201\jetty-client-9.4.50.v20221201.jar;C:\Users\NBARBHUI\.m2\repository\org\eclipse\jetty\jetty-http\9.4.50.v20221201\jetty-http-9.4.50.v20221201.jar;C:\Users\NBARBHUI\.m2\repository\org\eclipse\jetty\jetty-util\9.4.50.v20221201\jetty-util-9.4.50.v20221201.jar;C:\Users\NBARBHUI\.m2\repository\org\eclipse\jetty\jetty-io\9.4.50.v20221201\jetty-io-9.4.50.v20221201.jar;C:\Users\NBARBHUI\.m2\repository\org\eclipse\jetty\websocket\websocket-common\9.4.50.v20221201\websocket-common-9.4.50.v20221201.jar;C:\Users\NBARBHUI\.m2\repository\org\eclipse\jetty\websocket\websocket-api\9.4.50.v20221201\websocket-api-9.4.50.v20221201.jar;C:\Users\NBARBHUI\.m2\repository\io\cucumber\cucumber-core\7.12.0\cucumber-core-7.12.0.jar;C:\Users\NBARBHUI\.m2\repository\io\cucumber\cucumber-gherkin\7.12.0\cucumber-gherkin-7.12.0.jar;C:\Users\NBARBHUI\.m2\repository\io\cucumber\cucumber-gherkin-messages\7.12.0\cucumber-gherkin-messages-7.12.0.jar;C:\Users\NBARBHUI\.m2\repository\io\cucumber\gherkin\26.2.0\gherkin-26.2.0.jar;C:\Users\NBARBHUI\.m2\repository\io\cucumber\messages\22.0.0\messages-22.0.0.jar;C:\Users\NBARBHUI\.m2\repository\io\cucumber\tag-expressions\5.0.1\tag-expressions-5.0.1.jar;C:\Users\NBARBHUI\.m2\repository\io\cucumber\cucumber-expressions\16.1.2\cucumber-expressions-16.1.2.jar;C:\Users\NBARBHUI\.m2\repository\io\cucumber\datatable\7.12.0\datatable-7.12.0.jar;C:\Users\NBARBHUI\.m2\repository\io\cucumber\cucumber-plugin\7.12.0\cucumber-plugin-7.12.0.jar;C:\Users\NBARBHUI\.m2\repository\io\cucumber\docstring\7.12.0\docstring-7.12.0.jar;C:\Users\NBARBHUI\.m2\repository\io\cucumber\html-formatter\20.3.0\html-formatter-20.3.0.jar;C:\Users\NBARBHUI\.m2\repository\io\cucumber\junit-xml-formatter\0.2.0\junit-xml-formatter-0.2.0.jar;C:\Users\NBARBHUI\.m2\repository\io\cucumber\ci-environment\9.2.0\ci-environment-9.2.0.jar;C:\Users\NBARBHUI\.m2\repository\org\apiguardian\apiguardian-api\1.1.2\apiguardian-api-1.1.2.jar;C:\Users\NBARBHUI\.m2\repository\io\cucumber\cucumber-java\7.12.0\cucumber-java-7.12.0.jar;C:\Users\NBARBHUI\.m2\repository\io\cucumber\cucumber-testng\7.12.0\cucumber-testng-7.12.0.jar;C:\Users\NBARBHUI\.m2\repository\org\testng\testng\7.7.1\testng-7.7.1.jar;C:\Users\NBARBHUI\.m2\repository\org\slf4j\slf4j-api\1.7.36\slf4j-api-1.7.36.jar;C:\Users\NBARBHUI\.m2\repository\org\webjars\jquery\3.6.1\jquery-3.6.1.jar;C:\Users\NBARBHUI\.m2\repository\io\cucumber\cucumber-junit\7.12.0\cucumber-junit-7.12.0.jar;C:\Users\NBARBHUI\.m2\repository\junit\junit\4.13.2\junit-4.13.2.jar;C:\Users\NBARBHUI\.m2\repository\org\hamcrest\hamcrest-core\1.3\hamcrest-core-1.3.jar;C:\Users\NBARBHUI\.m2\repository\com\aventstack\extentreports\3.1.5\extentreports-3.1.5.jar;C:\Users\NBARBHUI\.m2\repository\org\freemarker\freemarker\2.3.23\freemarker-2.3.23.jar;C:\Users\NBARBHUI\.m2\repository\org\mongodb\mongodb-driver\3.3.0\mongodb-driver-3.3.0.jar;C:\Users\NBARBHUI\.m2\repository\org\mongodb\bson\3.3.0\bson-3.3.0.jar;C:\Users\NBARBHUI\.m2\repository\org\mongodb\mongodb-driver-core\3.3.0\mongodb-driver-core-3.3.0.jar;C:\Users\NBARBHUI\.m2\repository\org\apache\httpcomponents\httpclient\4.5.2\httpclient-4.5.2.jar;C:\Users\NBARBHUI\.m2\repository\org\apache\httpcomponents\httpcore\4.4.4\httpcore-4.4.4.jar;C:\Users\NBARBHUI\.m2\repository\org\apache\httpcomponents\httpmime\4.5.2\httpmime-4.5.2.jar;C:\Users\NBARBHUI\.m2\repository\org\jsoup\jsoup\1.9.2\jsoup-1.9.2.jar;C:\Users\NBARBHUI\.m2\repository\com\google\code\gson\gson\2.8.0\gson-2.8.0.jar;C:\Users\NBARBHUI\.m2\repository\org\apache\poi\poi\5.2.3\poi-5.2.3.jar;C:\Users\NBARBHUI\.m2\repository\commons-codec\commons-codec\1.15\commons-codec-1.15.jar;C:\Users\NBARBHUI\.m2\repository\org\apache\commons\commons-collections4\4.4\commons-collections4-4.4.jar;C:\Users\NBARBHUI\.m2\repository\org\apache\commons\commons-math3\3.6.1\commons-math3-3.6.1.jar;C:\Users\NBARBHUI\.m2\repository\commons-io\commons-io\2.11.0\commons-io-2.11.0.jar;C:\Users\NBARBHUI\.m2\repository\com\zaxxer\SparseBitSet\1.2\SparseBitSet-1.2.jar;C:\Users\NBARBHUI\.m2\repository\org\apache\logging\log4j\log4j-api\2.18.0\log4j-api-2.18.0.jar;C:\Users\NBARBHUI\.m2\repository\org\apache\poi\poi-ooxml\5.2.3\poi-ooxml-5.2.3.jar;C:\Users\NBARBHUI\.m2\repository\org\apache\poi\poi-ooxml-lite\5.2.3\poi-ooxml-lite-5.2.3.jar;C:\Users\NBARBHUI\.m2\repository\org\apache\xmlbeans\xmlbeans\5.1.1\xmlbeans-5.1.1.jar;C:\Users\NBARBHUI\.m2\repository\org\apache\commons\commons-compress\1.21\commons-compress-1.21.jar;C:\Users\NBARBHUI\.m2\repository\com\github\virtuald\curvesapi\1.07\curvesapi-1.07.jar;C:\Users\NBARBHUI\.m2\repository\org\apache\poi\poi-ooxml-schemas\4.1.2\poi-ooxml-schemas-4.1.2.jar;C:\Users\NBARBHUI\.m2\repository\org\apache\maven\surefire\surefire-testng-utils\2.21.0\surefire-testng-utils-2.21.0.jar;C:\Users\NBARBHUI\.m2\repository\org\apache\maven\surefire\surefire-grouper\2.21.0\surefire-grouper-2.21.0.jar;"/>
    <property name="java.vm.vendor" value="Eclipse Adoptium"/>
    <property name="sun.arch.data.model" value="64"/>
    <property name="user.variant" value=""/>
    <property name="java.vendor.url" value="https://adoptium.net/"/>
    <property name="os.name" value="Windows 11"/>
    <property name="java.vm.specification.version" value="17"/>
    <property name="sun.java.launcher" value="SUN_STANDARD"/>
    <property name="user.country" value="IN"/>
    <property name="sun.boot.library.path" value="C:\Users\NBARBHUI\Downloads\eclipse\plugins\org.eclipse.justj.openjdk.hotspot.jre.full.win32.x86_64_17.0.6.v20230204-1729\jre\bin"/>
    <property name="sun.java.command" value="C:\Users\NBARBHUI\AppData\Local\Temp\surefire7763481231433999322\surefirebooter13894660061543194752.jar C:\Users\NBARBHUI\AppData\Local\Temp\surefire7763481231433999322 2023-06-08T11-48-27_965-jvmRun1 surefire7528518504785380331tmp surefire_08379047473961239778tmp"/>
    <property name="jdk.debug" value="release"/>
    <property name="surefire.test.class.path" value="C:\Users\NBARBHUI\Desktop\My Main AsianPaints Project\AsianPaints_ProductDetails_Nurul\target\test-classes;C:\Users\NBARBHUI\Desktop\My Main AsianPaints Project\AsianPaints_ProductDetails_Nurul\target\classes;C:\Users\NBARBHUI\.m2\repository\org\seleniumhq\selenium\selenium-java\4.9.0\selenium-java-4.9.0.jar;C:\Users\NBARBHUI\.m2\repository\org\seleniumhq\selenium\selenium-api\4.9.0\selenium-api-4.9.0.jar;C:\Users\NBARBHUI\.m2\repository\org\seleniumhq\selenium\selenium-chrome-driver\4.9.0\selenium-chrome-driver-4.9.0.jar;C:\Users\NBARBHUI\.m2\repository\com\google\auto\service\auto-service-annotations\1.0.1\auto-service-annotations-1.0.1.jar;C:\Users\NBARBHUI\.m2\repository\com\google\auto\service\auto-service\1.0.1\auto-service-1.0.1.jar;C:\Users\NBARBHUI\.m2\repository\com\google\auto\auto-common\1.2\auto-common-1.2.jar;C:\Users\NBARBHUI\.m2\repository\com\google\guava\guava\31.1-jre\guava-31.1-jre.jar;C:\Users\NBARBHUI\.m2\repository\com\google\guava\failureaccess\1.0.1\failureaccess-1.0.1.jar;C:\Users\NBARBHUI\.m2\repository\com\google\guava\listenablefuture\9999.0-empty-to-avoid-conflict-with-guava\listenablefuture-9999.0-empty-to-avoid-conflict-with-guava.jar;C:\Users\NBARBHUI\.m2\repository\com\google\code\findbugs\jsr305\3.0.2\jsr305-3.0.2.jar;C:\Users\NBARBHUI\.m2\repository\org\checkerframework\checker-qual\3.12.0\checker-qual-3.12.0.jar;C:\Users\NBARBHUI\.m2\repository\com\google\errorprone\error_prone_annotations\2.11.0\error_prone_annotations-2.11.0.jar;C:\Users\NBARBHUI\.m2\repository\com\google\j2objc\j2objc-annotations\1.3\j2objc-annotations-1.3.jar;C:\Users\NBARBHUI\.m2\repository\org\seleniumhq\selenium\selenium-chromium-driver\4.9.0\selenium-chromium-driver-4.9.0.jar;C:\Users\NBARBHUI\.m2\repository\org\seleniumhq\selenium\selenium-json\4.9.0\selenium-json-4.9.0.jar;C:\Users\NBARBHUI\.m2\repository\org\seleniumhq\selenium\selenium-manager\4.9.0\selenium-manager-4.9.0.jar;C:\Users\NBARBHUI\.m2\repository\org\seleniumhq\selenium\selenium-devtools-v110\4.9.0\selenium-devtools-v110-4.9.0.jar;C:\Users\NBARBHUI\.m2\repository\org\seleniumhq\selenium\selenium-devtools-v111\4.9.0\selenium-devtools-v111-4.9.0.jar;C:\Users\NBARBHUI\.m2\repository\org\seleniumhq\selenium\selenium-devtools-v112\4.9.0\selenium-devtools-v112-4.9.0.jar;C:\Users\NBARBHUI\.m2\repository\org\seleniumhq\selenium\selenium-devtools-v85\4.9.0\selenium-devtools-v85-4.9.0.jar;C:\Users\NBARBHUI\.m2\repository\org\seleniumhq\selenium\selenium-edge-driver\4.9.0\selenium-edge-driver-4.9.0.jar;C:\Users\NBARBHUI\.m2\repository\org\seleniumhq\selenium\selenium-firefox-driver\4.9.0\selenium-firefox-driver-4.9.0.jar;C:\Users\NBARBHUI\.m2\repository\org\seleniumhq\selenium\selenium-http\4.9.0\selenium-http-4.9.0.jar;C:\Users\NBARBHUI\.m2\repository\dev\failsafe\failsafe\3.3.1\failsafe-3.3.1.jar;C:\Users\NBARBHUI\.m2\repository\org\seleniumhq\selenium\selenium-ie-driver\4.9.0\selenium-ie-driver-4.9.0.jar;C:\Users\NBARBHUI\.m2\repository\org\seleniumhq\selenium\selenium-remote-driver\4.9.0\selenium-remote-driver-4.9.0.jar;C:\Users\NBARBHUI\.m2\repository\com\beust\jcommander\1.82\jcommander-1.82.jar;C:\Users\NBARBHUI\.m2\repository\io\netty\netty-buffer\4.1.91.Final\netty-buffer-4.1.91.Final.jar;C:\Users\NBARBHUI\.m2\repository\io\netty\netty-codec-http\4.1.91.Final\netty-codec-http-4.1.91.Final.jar;C:\Users\NBARBHUI\.m2\repository\io\netty\netty-codec\4.1.91.Final\netty-codec-4.1.91.Final.jar;C:\Users\NBARBHUI\.m2\repository\io\netty\netty-handler\4.1.91.Final\netty-handler-4.1.91.Final.jar;C:\Users\NBARBHUI\.m2\repository\io\netty\netty-common\4.1.91.Final\netty-common-4.1.91.Final.jar;C:\Users\NBARBHUI\.m2\repository\io\netty\netty-transport-classes-epoll\4.1.91.Final\netty-transport-classes-epoll-4.1.91.Final.jar;C:\Users\NBARBHUI\.m2\repository\io\netty\netty-transport-classes-kqueue\4.1.91.Final\netty-transport-classes-kqueue-4.1.91.Final.jar;C:\Users\NBARBHUI\.m2\repository\io\netty\netty-transport-native-epoll\4.1.91.Final\netty-transport-native-epoll-4.1.91.Final.jar;C:\Users\NBARBHUI\.m2\repository\io\netty\netty-transport-native-kqueue\4.1.91.Final\netty-transport-native-kqueue-4.1.91.Final.jar;C:\Users\NBARBHUI\.m2\repository\io\netty\netty-transport-native-unix-common\4.1.91.Final\netty-transport-native-unix-common-4.1.91.Final.jar;C:\Users\NBARBHUI\.m2\repository\io\netty\netty-transport\4.1.91.Final\netty-transport-4.1.91.Final.jar;C:\Users\NBARBHUI\.m2\repository\io\netty\netty-resolver\4.1.91.Final\netty-resolver-4.1.91.Final.jar;C:\Users\NBARBHUI\.m2\repository\io\opentelemetry\opentelemetry-api\1.25.0\opentelemetry-api-1.25.0.jar;C:\Users\NBARBHUI\.m2\repository\io\opentelemetry\opentelemetry-context\1.25.0\opentelemetry-context-1.25.0.jar;C:\Users\NBARBHUI\.m2\repository\io\opentelemetry\opentelemetry-exporter-logging\1.25.0\opentelemetry-exporter-logging-1.25.0.jar;C:\Users\NBARBHUI\.m2\repository\io\opentelemetry\opentelemetry-sdk-metrics\1.25.0\opentelemetry-sdk-metrics-1.25.0.jar;C:\Users\NBARBHUI\.m2\repository\io\opentelemetry\opentelemetry-sdk-logs\1.25.0-alpha\opentelemetry-sdk-logs-1.25.0-alpha.jar;C:\Users\NBARBHUI\.m2\repository\io\opentelemetry\opentelemetry-api-logs\1.25.0-alpha\opentelemetry-api-logs-1.25.0-alpha.jar;C:\Users\NBARBHUI\.m2\repository\io\opentelemetry\opentelemetry-api-events\1.25.0-alpha\opentelemetry-api-events-1.25.0-alpha.jar;C:\Users\NBARBHUI\.m2\repository\io\opentelemetry\opentelemetry-sdk-common\1.25.0\opentelemetry-sdk-common-1.25.0.jar;C:\Users\NBARBHUI\.m2\repository\io\opentelemetry\opentelemetry-sdk-extension-autoconfigure-spi\1.25.0\opentelemetry-sdk-extension-autoconfigure-spi-1.25.0.jar;C:\Users\NBARBHUI\.m2\repository\io\opentelemetry\opentelemetry-sdk-extension-autoconfigure\1.25.0-alpha\opentelemetry-sdk-extension-autoconfigure-1.25.0-alpha.jar;C:\Users\NBARBHUI\.m2\repository\io\opentelemetry\opentelemetry-sdk-trace\1.25.0\opentelemetry-sdk-trace-1.25.0.jar;C:\Users\NBARBHUI\.m2\repository\io\opentelemetry\opentelemetry-sdk\1.25.0\opentelemetry-sdk-1.25.0.jar;C:\Users\NBARBHUI\.m2\repository\io\opentelemetry\opentelemetry-semconv\1.25.0-alpha\opentelemetry-semconv-1.25.0-alpha.jar;C:\Users\NBARBHUI\.m2\repository\io\ous\jtoml\2.0.0\jtoml-2.0.0.jar;C:\Users\NBARBHUI\.m2\repository\net\bytebuddy\byte-buddy\1.14.4\byte-buddy-1.14.4.jar;C:\Users\NBARBHUI\.m2\repository\org\apache\commons\commons-exec\1.3\commons-exec-1.3.jar;C:\Users\NBARBHUI\.m2\repository\org\asynchttpclient\async-http-client\2.12.3\async-http-client-2.12.3.jar;C:\Users\NBARBHUI\.m2\repository\org\asynchttpclient\async-http-client-netty-utils\2.12.3\async-http-client-netty-utils-2.12.3.jar;C:\Users\NBARBHUI\.m2\repository\io\netty\netty-codec-socks\4.1.60.Final\netty-codec-socks-4.1.60.Final.jar;C:\Users\NBARBHUI\.m2\repository\io\netty\netty-handler-proxy\4.1.60.Final\netty-handler-proxy-4.1.60.Final.jar;C:\Users\NBARBHUI\.m2\repository\io\netty\netty-transport-native-epoll\4.1.60.Final\netty-transport-native-epoll-4.1.60.Final-linux-x86_64.jar;C:\Users\NBARBHUI\.m2\repository\io\netty\netty-transport-native-kqueue\4.1.60.Final\netty-transport-native-kqueue-4.1.60.Final-osx-x86_64.jar;C:\Users\NBARBHUI\.m2\repository\org\reactivestreams\reactive-streams\1.0.3\reactive-streams-1.0.3.jar;C:\Users\NBARBHUI\.m2\repository\com\typesafe\netty\netty-reactive-streams\2.0.4\netty-reactive-streams-2.0.4.jar;C:\Users\NBARBHUI\.m2\repository\com\sun\activation\jakarta.activation\1.2.2\jakarta.activation-1.2.2.jar;C:\Users\NBARBHUI\.m2\repository\org\seleniumhq\selenium\selenium-safari-driver\4.9.0\selenium-safari-driver-4.9.0.jar;C:\Users\NBARBHUI\.m2\repository\org\seleniumhq\selenium\selenium-support\4.9.0\selenium-support-4.9.0.jar;C:\Users\NBARBHUI\.m2\repository\org\seleniumhq\selenium\htmlunit-driver\4.9.0\htmlunit-driver-4.9.0.jar;C:\Users\NBARBHUI\.m2\repository\net\sourceforge\htmlunit\htmlunit\2.70.0\htmlunit-2.70.0.jar;C:\Users\NBARBHUI\.m2\repository\net\sourceforge\htmlunit\htmlunit-core-js\2.70.0\htmlunit-core-js-2.70.0.jar;C:\Users\NBARBHUI\.m2\repository\net\sourceforge\htmlunit\neko-htmlunit\2.70.0\neko-htmlunit-2.70.0.jar;C:\Users\NBARBHUI\.m2\repository\net\sourceforge\htmlunit\htmlunit-cssparser\1.14.0\htmlunit-cssparser-1.14.0.jar;C:\Users\NBARBHUI\.m2\repository\net\sourceforge\htmlunit\htmlunit-xpath\2.70.0\htmlunit-xpath-2.70.0.jar;C:\Users\NBARBHUI\.m2\repository\org\apache\commons\commons-lang3\3.12.0\commons-lang3-3.12.0.jar;C:\Users\NBARBHUI\.m2\repository\org\apache\commons\commons-text\1.10.0\commons-text-1.10.0.jar;C:\Users\NBARBHUI\.m2\repository\commons-logging\commons-logging\1.2\commons-logging-1.2.jar;C:\Users\NBARBHUI\.m2\repository\commons-net\commons-net\3.9.0\commons-net-3.9.0.jar;C:\Users\NBARBHUI\.m2\repository\org\brotli\dec\0.1.2\dec-0.1.2.jar;C:\Users\NBARBHUI\.m2\repository\com\shapesecurity\salvation2\3.0.1\salvation2-3.0.1.jar;C:\Users\NBARBHUI\.m2\repository\org\eclipse\jetty\websocket\websocket-client\9.4.50.v20221201\websocket-client-9.4.50.v20221201.jar;C:\Users\NBARBHUI\.m2\repository\org\eclipse\jetty\jetty-client\9.4.50.v20221201\jetty-client-9.4.50.v20221201.jar;C:\Users\NBARBHUI\.m2\repository\org\eclipse\jetty\jetty-http\9.4.50.v20221201\jetty-http-9.4.50.v20221201.jar;C:\Users\NBARBHUI\.m2\repository\org\eclipse\jetty\jetty-util\9.4.50.v20221201\jetty-util-9.4.50.v20221201.jar;C:\Users\NBARBHUI\.m2\repository\org\eclipse\jetty\jetty-io\9.4.50.v20221201\jetty-io-9.4.50.v20221201.jar;C:\Users\NBARBHUI\.m2\repository\org\eclipse\jetty\websocket\websocket-common\9.4.50.v20221201\websocket-common-9.4.50.v20221201.jar;C:\Users\NBARBHUI\.m2\repository\org\eclipse\jetty\websocket\websocket-api\9.4.50.v20221201\websocket-api-9.4.50.v20221201.jar;C:\Users\NBARBHUI\.m2\repository\io\cucumber\cucumber-core\7.12.0\cucumber-core-7.12.0.jar;C:\Users\NBARBHUI\.m2\repository\io\cucumber\cucumber-gherkin\7.12.0\cucumber-gherkin-7.12.0.jar;C:\Users\NBARBHUI\.m2\repository\io\cucumber\cucumber-gherkin-messages\7.12.0\cucumber-gherkin-messages-7.12.0.jar;C:\Users\NBARBHUI\.m2\repository\io\cucumber\gherkin\26.2.0\gherkin-26.2.0.jar;C:\Users\NBARBHUI\.m2\repository\io\cucumber\messages\22.0.0\messages-22.0.0.jar;C:\Users\NBARBHUI\.m2\repository\io\cucumber\tag-expressions\5.0.1\tag-expressions-5.0.1.jar;C:\Users\NBARBHUI\.m2\repository\io\cucumber\cucumber-expressions\16.1.2\cucumber-expressions-16.1.2.jar;C:\Users\NBARBHUI\.m2\repository\io\cucumber\datatable\7.12.0\datatable-7.12.0.jar;C:\Users\NBARBHUI\.m2\repository\io\cucumber\cucumber-plugin\7.12.0\cucumber-plugin-7.12.0.jar;C:\Users\NBARBHUI\.m2\repository\io\cucumber\docstring\7.12.0\docstring-7.12.0.jar;C:\Users\NBARBHUI\.m2\repository\io\cucumber\html-formatter\20.3.0\html-formatter-20.3.0.jar;C:\Users\NBARBHUI\.m2\repository\io\cucumber\junit-xml-formatter\0.2.0\junit-xml-formatter-0.2.0.jar;C:\Users\NBARBHUI\.m2\repository\io\cucumber\ci-environment\9.2.0\ci-environment-9.2.0.jar;C:\Users\NBARBHUI\.m2\repository\org\apiguardian\apiguardian-api\1.1.2\apiguardian-api-1.1.2.jar;C:\Users\NBARBHUI\.m2\repository\io\cucumber\cucumber-java\7.12.0\cucumber-java-7.12.0.jar;C:\Users\NBARBHUI\.m2\repository\io\cucumber\cucumber-testng\7.12.0\cucumber-testng-7.12.0.jar;C:\Users\NBARBHUI\.m2\repository\org\testng\testng\7.7.1\testng-7.7.1.jar;C:\Users\NBARBHUI\.m2\repository\org\slf4j\slf4j-api\1.7.36\slf4j-api-1.7.36.jar;C:\Users\NBARBHUI\.m2\repository\org\webjars\jquery\3.6.1\jquery-3.6.1.jar;C:\Users\NBARBHUI\.m2\repository\io\cucumber\cucumber-junit\7.12.0\cucumber-junit-7.12.0.jar;C:\Users\NBARBHUI\.m2\repository\junit\junit\4.13.2\junit-4.13.2.jar;C:\Users\NBARBHUI\.m2\repository\org\hamcrest\hamcrest-core\1.3\hamcrest-core-1.3.jar;C:\Users\NBARBHUI\.m2\repository\com\aventstack\extentreports\3.1.5\extentreports-3.1.5.jar;C:\Users\NBARBHUI\.m2\repository\org\freemarker\freemarker\2.3.23\freemarker-2.3.23.jar;C:\Users\NBARBHUI\.m2\repository\org\mongodb\mongodb-driver\3.3.0\mongodb-driver-3.3.0.jar;C:\Users\NBARBHUI\.m2\repository\org\mongodb\bson\3.3.0\bson-3.3.0.jar;C:\Users\NBARBHUI\.m2\repository\org\mongodb\mongodb-driver-core\3.3.0\mongodb-driver-core-3.3.0.jar;C:\Users\NBARBHUI\.m2\repository\org\apache\httpcomponents\httpclient\4.5.2\httpclient-4.5.2.jar;C:\Users\NBARBHUI\.m2\repository\org\apache\httpcomponents\httpcore\4.4.4\httpcore-4.4.4.jar;C:\Users\NBARBHUI\.m2\repository\org\apache\httpcomponents\httpmime\4.5.2\httpmime-4.5.2.jar;C:\Users\NBARBHUI\.m2\repository\org\jsoup\jsoup\1.9.2\jsoup-1.9.2.jar;C:\Users\NBARBHUI\.m2\repository\com\google\code\gson\gson\2.8.0\gson-2.8.0.jar;C:\Users\NBARBHUI\.m2\repository\org\apache\poi\poi\5.2.3\poi-5.2.3.jar;C:\Users\NBARBHUI\.m2\repository\commons-codec\commons-codec\1.15\commons-codec-1.15.jar;C:\Users\NBARBHUI\.m2\repository\org\apache\commons\commons-collections4\4.4\commons-collections4-4.4.jar;C:\Users\NBARBHUI\.m2\repository\org\apache\commons\commons-math3\3.6.1\commons-math3-3.6.1.jar;C:\Users\NBARBHUI\.m2\repository\commons-io\commons-io\2.11.0\commons-io-2.11.0.jar;C:\Users\NBARBHUI\.m2\repository\com\zaxxer\SparseBitSet\1.2\SparseBitSet-1.2.jar;C:\Users\NBARBHUI\.m2\repository\org\apache\logging\log4j\log4j-api\2.18.0\log4j-api-2.18.0.jar;C:\Users\NBARBHUI\.m2\repository\org\apache\poi\poi-ooxml\5.2.3\poi-ooxml-5.2.3.jar;C:\Users\NBARBHUI\.m2\repository\org\apache\poi\poi-ooxml-lite\5.2.3\poi-ooxml-lite-5.2.3.jar;C:\Users\NBARBHUI\.m2\repository\org\apache\xmlbeans\xmlbeans\5.1.1\xmlbeans-5.1.1.jar;C:\Users\NBARBHUI\.m2\repository\org\apache\commons\commons-compress\1.21\commons-compress-1.21.jar;C:\Users\NBARBHUI\.m2\repository\com\github\virtuald\curvesapi\1.07\curvesapi-1.07.jar;C:\Users\NBARBHUI\.m2\repository\org\apache\poi\poi-ooxml-schemas\4.1.2\poi-ooxml-schemas-4.1.2.jar;C:\Users\NBARBHUI\.m2\repository\org\apache\maven\surefire\surefire-testng-utils\2.21.0\surefire-testng-utils-2.21.0.jar;C:\Users\NBARBHUI\.m2\repository\org\apache\maven\surefire\surefire-grouper\2.21.0\surefire-grouper-2.21.0.jar;"/>
    <property name="sun.cpu.endian" value="little"/>
    <property name="user.home" value="C:\Users\NBARBHUI"/>
    <property name="user.language" value="en"/>
    <property name="java.specification.vendor" value="Oracle Corporation"/>
    <property name="java.version.date" value="2023-01-17"/>
    <property name="java.home" value="C:\Users\NBARBHUI\Downloads\eclipse\plugins\org.eclipse.justj.openjdk.hotspot.jre.full.win32.x86_64_17.0.6.v20230204-1729\jre"/>
    <property name="file.separator" value="\"/>
    <property name="style.color" value="always"/>
    <property name="basedir" value="C:\Users\NBARBHUI\Desktop\My Main AsianPaints Project\AsianPaints_ProductDetails_Nurul"/>
    <property name="java.vm.compressedOopsMode" value="32-bit"/>
    <property name="line.separator" value="&#10;"/>
    <property name="java.vm.specification.vendor" value="Oracle Corporation"/>
    <property name="java.specification.name" value="Java Platform API Specification"/>
    <property name="surefire.real.class.path" value="C:\Users\NBARBHUI\AppData\Local\Temp\surefire7763481231433999322\surefirebooter13894660061543194752.jar"/>
    <property name="user.script" value=""/>
    <property name="sun.management.compiler" value="HotSpot 64-Bit Tiered Compilers"/>
    <property name="java.runtime.version" value="17.0.6+10"/>
    <property name="user.name" value="NBARBHUI"/>
    <property name="path.separator" value=";"/>
    <property name="os.version" value="10.0"/>
    <property name="java.runtime.name" value="OpenJDK Runtime Environment"/>
    <property name="file.encoding" value="Cp1252"/>
    <property name="java.vm.name" value="OpenJDK 64-Bit Server VM"/>
    <property name="java.vendor.version" value="Temurin-17.0.6+10"/>
    <property name="localRepository" value="C:\Users\NBARBHUI\.m2\repository"/>
    <property name="java.vendor.url.bug" value="https://github.com/adoptium/adoptium-support/issues"/>
    <property name="java.io.tmpdir" value="C:\Users\NBARBHUI\AppData\Local\Temp\"/>
    <property name="java.version" value="17.0.6"/>
    <property name="user.dir" value="C:\Users\NBARBHUI\Desktop\My Main AsianPaints Project\AsianPaints_ProductDetails_Nurul"/>
    <property name="os.arch" value="amd64"/>
    <property name="java.vm.specification.name" value="Java Virtual Machine Specification"/>
    <property name="sun.os.patch.level" value=""/>
    <property name="native.encoding" value="Cp1252"/>
    <property name="java.library.path" value="C:\Users\NBARBHUI\Downloads\eclipse\plugins\org.eclipse.justj.openjdk.hotspot.jre.full.win32.x86_64_17.0.6.v20230204-1729\jre\bin;C:\WINDOWS\Sun\Java\bin;C:\WINDOWS\system32;C:\WINDOWS;C:/Users/NBARBHUI/Downloads/eclipse//plugins/org.eclipse.justj.openjdk.hotspot.jre.full.win32.x86_64_17.0.6.v20230204-1729/jre/bin/server;C:/Users/NBARBHUI/Downloads/eclipse//plugins/org.eclipse.justj.openjdk.hotspot.jre.full.win32.x86_64_17.0.6.v20230204-1729/jre/bin;C:\Program Files\Common Files\Oracle\Java\javapath;C:\WINDOWS\system32;C:\WINDOWS;C:\WINDOWS\System32\Wbem;C:\WINDOWS\System32\WindowsPowerShell\v1.0\;C:\WINDOWS\System32\OpenSSH\;C:\Program Files\nodejs\;C:\Program Files\Git\cmd;C:\Program Files\Java\jdk-11.0.17\bin;C:\Program Files\MySQL\MySQL Shell 8.0\bin\;C:\Users\NBARBHUI\AppData\Local\Microsoft\WindowsApps;C:\Users\NBARBHUI\AppData\Local\Programs\Microsoft VS Code\bin;C:\Users\NBARBHUI\AppData\Roaming\npm;C:\Users\NBARBHUI\AppData\Local\GitHubDesktop\bin;C:\Users\NBARBHUI\Downloads\eclipse;;."/>
    <property name="java.vm.info" value="mixed mode"/>
    <property name="java.vendor" value="Eclipse Adoptium"/>
    <property name="java.vm.version" value="17.0.6+10"/>
    <property name="sun.io.unicode.encoding" value="UnicodeLittle"/>
    <property name="java.class.version" value="61.0"/>
  </properties>
  <testcase name="runScenario" classname="testrunner.ProductDetails_TestRunner_1" time="29.623"/>
  <testcase name="runScenario" classname="testrunner.ProductDetails_TestRunner_1" time="49.199"/>
  <testcase name="runScenario" classname="testrunner.ProductDetails_TestRunner_1" time="46.978"/>
  <testcase name="runScenario" classname="testrunner.ProductDetails_TestRunner_2" time="52.362"/>
  <testcase name="runScenario" classname="testrunner.ProductDetails_TestRunner_2" time="45.134"/>
  <testcase name="runScenario" classname="testrunner.ProductDetails_TestRunner_2" time="16.347">
    <failure message="element click intercepted: Element &lt;input name=&quot;q&quot; class=&quot;commonTextComp track_search_click&quot; type=&quot;text&quot; autocomplete=&quot;off&quot; placeholder=&quot;Search&quot;&gt; is not clickable at point (615, 70). Other element would receive the click: &lt;iframe marginheight=&quot;0&quot; marginwidth=&quot;0&quot; class=&quot;__st_preview_frame_bpn&quot; style=&quot;display: block; z-index: 16776272; height:100%; width:100%; position: fixed; visibility: visible; top: 0; overflow: hidden; bottom:0;&quot; frameborder=&quot;0&quot;&gt;&lt;/iframe&gt;&#10;  (Session info: chrome=114.0.5735.110)&#10;Build info: version: &apos;4.9.0&apos;, revision: &apos;d7057100a6&apos;&#10;System info: os.name: &apos;Windows 11&apos;, os.arch: &apos;amd64&apos;, os.version: &apos;10.0&apos;, java.version: &apos;17.0.6&apos;&#10;Driver info: org.openqa.selenium.chrome.ChromeDriver&#10;Command: [a45ee83872195f911070e532b2831699, clickElement {id=7F0C17E45BA9CC1F97C1D56313EEACD5_element_37}]&#10;Capabilities {acceptInsecureCerts: false, browserName: chrome, browserVersion: 114.0.5735.110, chrome: {chromedriverVersion: 113.0.5672.63 (0e1a4471d5ae..., userDataDir: C:\Program Files (x86)\scop...}, goog:chromeOptions: {debuggerAddress: localhost:55688}, networkConnectionEnabled: false, pageLoadStrategy: normal, platformName: WINDOWS, proxy: Proxy(), se:cdp: ws://localhost:55688/devtoo..., se:cdpVersion: 114.0.5735.110, setWindowRect: true, strictFileInteractability: false, timeouts: {implicit: 0, pageLoad: 300000, script: 30000}, unhandledPromptBehavior: dismiss and notify, webauthn:extension:credBlob: true, webauthn:extension:largeBlob: true, webauthn:extension:minPinLength: true, webauthn:extension:prf: true, webauthn:virtualAuthenticators: true}&#10;Element: [[ChromeDriver: chrome on WINDOWS (a45ee83872195f911070e532b2831699)] -&gt; xpath: //input[@class=&apos;commonTextComp track_search_click&apos;]]&#10;Session ID: a45ee83872195f911070e532b2831699" type="org.openqa.selenium.ElementClickInterceptedException"><![CDATA[org.openqa.selenium.ElementClickInterceptedException: 
element click intercepted: Element <input name="q" class="commonTextComp track_search_click" type="text" autocomplete="off" placeholder="Search"> is not clickable at point (615, 70). Other element would receive the click: <iframe marginheight="0" marginwidth="0" class="__st_preview_frame_bpn" style="display: block; z-index: 16776272; height:100%; width:100%; position: fixed; visibility: visible; top: 0; overflow: hidden; bottom:0;" frameborder="0"></iframe>
  (Session info: chrome=114.0.5735.110)
Build info: version: '4.9.0', revision: 'd7057100a6'
System info: os.name: 'Windows 11', os.arch: 'amd64', os.version: '10.0', java.version: '17.0.6'
Driver info: org.openqa.selenium.chrome.ChromeDriver
Command: [a45ee83872195f911070e532b2831699, clickElement {id=7F0C17E45BA9CC1F97C1D56313EEACD5_element_37}]
Capabilities {acceptInsecureCerts: false, browserName: chrome, browserVersion: 114.0.5735.110, chrome: {chromedriverVersion: 113.0.5672.63 (0e1a4471d5ae..., userDataDir: C:\Program Files (x86)\scop...}, goog:chromeOptions: {debuggerAddress: localhost:55688}, networkConnectionEnabled: false, pageLoadStrategy: normal, platformName: WINDOWS, proxy: Proxy(), se:cdp: ws://localhost:55688/devtoo..., se:cdpVersion: 114.0.5735.110, setWindowRect: true, strictFileInteractability: false, timeouts: {implicit: 0, pageLoad: 300000, script: 30000}, unhandledPromptBehavior: dismiss and notify, webauthn:extension:credBlob: true, webauthn:extension:largeBlob: true, webauthn:extension:minPinLength: true, webauthn:extension:prf: true, webauthn:virtualAuthenticators: true}
Element: [[ChromeDriver: chrome on WINDOWS (a45ee83872195f911070e532b2831699)] -> xpath: //input[@class='commonTextComp track_search_click']]
Session ID: a45ee83872195f911070e532b2831699
]]></failure>
    <system-out><![CDATA[
Scenario Outline: Verify Pincode functionality with invalid data          &amp#27;[90m# src/test/resources/features/ProductDetails2.feature:32&amp#27;[0m
Trusted Wall Painting, Home Painting & Waterproofing in India - Asian Paints
Create your dream home with our painting experts
  &amp#27;[32mGiven &amp#27;[0m&amp#27;[32mChrome is opened and Asianpaints app is opened&amp#27;[0m                    &amp#27;[90m# productdetails_stepdefinition_2.ProductDetails_StepDefinition_2.chrome_is_opened_and_asianpaints_app_is_opened()&amp#27;[0m
  &amp#27;[31mWhen &amp#27;[0m&amp#27;[31mUser searches the product&amp#27;[0m                                          &amp#27;[90m# productdetails_stepdefinition_2.ProductDetails_StepDefinition_2.user_searches_the_product()&amp#27;[0m
      &amp#27;[31morg.openqa.selenium.ElementClickInterceptedException: element click intercepted: Element <input name="q" class="commonTextComp track_search_click" type="text" autocomplete="off" placeholder="Search"> is not clickable at point (615, 70). Other element would receive the click: <iframe marginheight="0" marginwidth="0" class="__st_preview_frame_bpn" style="display: block; z-index: 16776272; height:100%; width:100%; position: fixed; visibility: visible; top: 0; overflow: hidden; bottom:0;" frameborder="0"></iframe>
  (Session info: chrome=114.0.5735.110)
Build info: version: '4.9.0', revision: 'd7057100a6'
System info: os.name: 'Windows 11', os.arch: 'amd64', os.version: '10.0', java.version: '17.0.6'
Driver info: org.openqa.selenium.chrome.ChromeDriver
Command: [a45ee83872195f911070e532b2831699, clickElement {id=7F0C17E45BA9CC1F97C1D56313EEACD5_element_37}]
Capabilities {acceptInsecureCerts: false, browserName: chrome, browserVersion: 114.0.5735.110, chrome: {chromedriverVersion: 113.0.5672.63 (0e1a4471d5ae..., userDataDir: C:\Program Files (x86)\scop...}, goog:chromeOptions: {debuggerAddress: localhost:55688}, networkConnectionEnabled: false, pageLoadStrategy: normal, platformName: WINDOWS, proxy: Proxy(), se:cdp: ws://localhost:55688/devtoo..., se:cdpVersion: 114.0.5735.110, setWindowRect: true, strictFileInteractability: false, timeouts: {implicit: 0, pageLoad: 300000, script: 30000}, unhandledPromptBehavior: dismiss and notify, webauthn:extension:credBlob: true, webauthn:extension:largeBlob: true, webauthn:extension:minPinLength: true, webauthn:extension:prf: true, webauthn:virtualAuthenticators: true}
Element: [[ChromeDriver: chrome on WINDOWS (a45ee83872195f911070e532b2831699)] -> xpath: //input[@class='commonTextComp track_search_click']]
Session ID: a45ee83872195f911070e532b2831699
	at java.base/jdk.internal.reflect.NativeConstructorAccessorImpl.newInstance0(Native Method)
	at java.base/jdk.internal.reflect.NativeConstructorAccessorImpl.newInstance(NativeConstructorAccessorImpl.java:77)
	at java.base/jdk.internal.reflect.DelegatingConstructorAccessorImpl.newInstance(DelegatingConstructorAccessorImpl.java:45)
	at java.base/java.lang.reflect.Constructor.newInstanceWithCaller(Constructor.java:499)
	at java.base/java.lang.reflect.Constructor.newInstance(Constructor.java:480)
	at org.openqa.selenium.remote.codec.w3c.W3CHttpResponseCodec.createException(W3CHttpResponseCodec.java:200)
	at org.openqa.selenium.remote.codec.w3c.W3CHttpResponseCodec.decode(W3CHttpResponseCodec.java:133)
	at org.openqa.selenium.remote.codec.w3c.W3CHttpResponseCodec.decode(W3CHttpResponseCodec.java:53)
	at org.openqa.selenium.remote.HttpCommandExecutor.execute(HttpCommandExecutor.java:193)
	at org.openqa.selenium.remote.service.DriverCommandExecutor.invokeExecute(DriverCommandExecutor.java:183)
	at org.openqa.selenium.remote.service.DriverCommandExecutor.execute(DriverCommandExecutor.java:158)
	at org.openqa.selenium.remote.RemoteWebDriver.execute(RemoteWebDriver.java:543)
	at org.openqa.selenium.remote.RemoteWebElement.execute(RemoteWebElement.java:257)
	at org.openqa.selenium.remote.RemoteWebElement.click(RemoteWebElement.java:78)
	at jdk.internal.reflect.GeneratedMethodAccessor71.invoke(Unknown Source)
	at java.base/jdk.internal.reflect.DelegatingMethodAccessorImpl.invoke(DelegatingMethodAccessorImpl.java:43)
	at java.base/java.lang.reflect.Method.invoke(Method.java:568)
	at org.openqa.selenium.support.pagefactory.internal.LocatingElementHandler.invoke(LocatingElementHandler.java:52)
	at jdk.proxy2/jdk.proxy2.$Proxy26.click(Unknown Source)
	at com.pages.Page01_LandingPage.productListPageNavigation1(Page01_LandingPage.java:84)
	at productdetails_stepdefinition_2.ProductDetails_StepDefinition_2.user_searches_the_product(ProductDetails_StepDefinition_2.java:73)
	at âœ½.User searches the product(file:///C:/Users/NBARBHUI/Desktop/My%20Main%20AsianPaints%20Project/AsianPaints_ProductDetails_Nurul/src/test/resources/features/ProductDetails2.feature:21)
&amp#27;[0m
  &amp#27;[36mAnd &amp#27;[0m&amp#27;[36mUser clicks on the product&amp#27;[0m                                          &amp#27;[90m# productdetails_stepdefinition_2.ProductDetails_StepDefinition_2.user_clicks_on_the_product()&amp#27;[0m
  &amp#27;[36mThen &amp#27;[0m&amp#27;[36mUser navigates onto the ProductList page&amp#27;[0m                           &amp#27;[90m# productdetails_stepdefinition_2.ProductDetails_StepDefinition_2.user_navigates_onto_the_product_list_page()&amp#27;[0m
  &amp#27;[36mAnd &amp#27;[0m&amp#27;[36mUser clicks on any listed item&amp#27;[0m                                      &amp#27;[90m# productdetails_stepdefinition_2.ProductDetails_StepDefinition_2.user_clicks_on_any_listed_item()&amp#27;[0m
  &amp#27;[36mThen &amp#27;[0m&amp#27;[36mProductDetails page is launched and fields are visible to the user&amp#27;[0m &amp#27;[90m# productdetails_stepdefinition_2.ProductDetails_StepDefinition_2.product_details_page_is_launched_and_fields_are_visible_to_the_user()&amp#27;[0m
  &amp#27;[36mWhen &amp#27;[0m&amp#27;[36mUser enters Pincode &amp#27;[0m&amp#27;[36m&amp#27;[1m"000000"&amp#27;[0m                                       &amp#27;[90m# productdetails_stepdefinition_2.ProductDetails_StepDefinition_2.user_enters_pincode(java.lang.String)&amp#27;[0m
  &amp#27;[36mAnd &amp#27;[0m&amp#27;[36mUser clicks on check button&amp#27;[0m                                         &amp#27;[90m# productdetails_stepdefinition_2.ProductDetails_StepDefinition_2.user_clicks_on_check_button()&amp#27;[0m
  &amp#27;[36mThen &amp#27;[0m&amp#27;[36mIt shows Pincode is not serviceable&amp#27;[0m                                &amp#27;[90m# productdetails_stepdefinition_2.ProductDetails_StepDefinition_2.it_shows_pincode_is_not_serviceable()&amp#27;[0m
]]></system-out>
    <system-err><![CDATA[Starting ChromeDriver 113.0.5672.63 (0e1a4471d5ae5bf128b1bd8f4d627c8cbd55f70c-refs/branch-heads/5672@{#912}) on port 32802
Only local connections are allowed.
Please see https://chromedriver.chromium.org/security-considerations for suggestions on keeping ChromeDriver safe.
ChromeDriver was started successfully.
[1686205336.370][WARNING]: This version of ChromeDriver has not been tested with Chrome version 114.
Jun 08, 2023 11:52:17 AM org.openqa.selenium.devtools.CdpVersionFinder findNearestMatch
WARNING: Unable to find an exact match for CDP version 114, so returning the closest version found: 112
]]></system-err>
  </testcase>
  <testcase name="runScenario" classname="testrunner.ProductDetails_TestRunner_2" time="14.904">
    <failure message="element click intercepted: Element &lt;input name=&quot;q&quot; class=&quot;commonTextComp track_search_click&quot; type=&quot;text&quot; autocomplete=&quot;off&quot; placeholder=&quot;Search&quot;&gt; is not clickable at point (615, 70). Other element would receive the click: &lt;iframe marginheight=&quot;0&quot; marginwidth=&quot;0&quot; class=&quot;__st_preview_frame_bpn&quot; style=&quot;display: block; z-index: 16776272; height:100%; width:100%; position: fixed; visibility: visible; top: 0; overflow: hidden; bottom:0;&quot; frameborder=&quot;0&quot;&gt;&lt;/iframe&gt;&#10;  (Session info: chrome=114.0.5735.110)&#10;Build info: version: &apos;4.9.0&apos;, revision: &apos;d7057100a6&apos;&#10;System info: os.name: &apos;Windows 11&apos;, os.arch: &apos;amd64&apos;, os.version: &apos;10.0&apos;, java.version: &apos;17.0.6&apos;&#10;Driver info: org.openqa.selenium.chrome.ChromeDriver&#10;Command: [4edf617adc4875033bf0d36a750474b2, clickElement {id=DDCEE084F39EEEAC3DDA544678243D9A_element_34}]&#10;Capabilities {acceptInsecureCerts: false, browserName: chrome, browserVersion: 114.0.5735.110, chrome: {chromedriverVersion: 113.0.5672.63 (0e1a4471d5ae..., userDataDir: C:\Program Files (x86)\scop...}, goog:chromeOptions: {debuggerAddress: localhost:55761}, networkConnectionEnabled: false, pageLoadStrategy: normal, platformName: WINDOWS, proxy: Proxy(), se:cdp: ws://localhost:55761/devtoo..., se:cdpVersion: 114.0.5735.110, setWindowRect: true, strictFileInteractability: false, timeouts: {implicit: 0, pageLoad: 300000, script: 30000}, unhandledPromptBehavior: dismiss and notify, webauthn:extension:credBlob: true, webauthn:extension:largeBlob: true, webauthn:extension:minPinLength: true, webauthn:extension:prf: true, webauthn:virtualAuthenticators: true}&#10;Element: [[ChromeDriver: chrome on WINDOWS (4edf617adc4875033bf0d36a750474b2)] -&gt; xpath: //input[@class=&apos;commonTextComp track_search_click&apos;]]&#10;Session ID: 4edf617adc4875033bf0d36a750474b2" type="org.openqa.selenium.ElementClickInterceptedException"><![CDATA[org.openqa.selenium.ElementClickInterceptedException: 
element click intercepted: Element <input name="q" class="commonTextComp track_search_click" type="text" autocomplete="off" placeholder="Search"> is not clickable at point (615, 70). Other element would receive the click: <iframe marginheight="0" marginwidth="0" class="__st_preview_frame_bpn" style="display: block; z-index: 16776272; height:100%; width:100%; position: fixed; visibility: visible; top: 0; overflow: hidden; bottom:0;" frameborder="0"></iframe>
  (Session info: chrome=114.0.5735.110)
Build info: version: '4.9.0', revision: 'd7057100a6'
System info: os.name: 'Windows 11', os.arch: 'amd64', os.version: '10.0', java.version: '17.0.6'
Driver info: org.openqa.selenium.chrome.ChromeDriver
Command: [4edf617adc4875033bf0d36a750474b2, clickElement {id=DDCEE084F39EEEAC3DDA544678243D9A_element_34}]
Capabilities {acceptInsecureCerts: false, browserName: chrome, browserVersion: 114.0.5735.110, chrome: {chromedriverVersion: 113.0.5672.63 (0e1a4471d5ae..., userDataDir: C:\Program Files (x86)\scop...}, goog:chromeOptions: {debuggerAddress: localhost:55761}, networkConnectionEnabled: false, pageLoadStrategy: normal, platformName: WINDOWS, proxy: Proxy(), se:cdp: ws://localhost:55761/devtoo..., se:cdpVersion: 114.0.5735.110, setWindowRect: true, strictFileInteractability: false, timeouts: {implicit: 0, pageLoad: 300000, script: 30000}, unhandledPromptBehavior: dismiss and notify, webauthn:extension:credBlob: true, webauthn:extension:largeBlob: true, webauthn:extension:minPinLength: true, webauthn:extension:prf: true, webauthn:virtualAuthenticators: true}
Element: [[ChromeDriver: chrome on WINDOWS (4edf617adc4875033bf0d36a750474b2)] -> xpath: //input[@class='commonTextComp track_search_click']]
Session ID: 4edf617adc4875033bf0d36a750474b2
]]></failure>
    <system-out><![CDATA[
Scenario Outline: Verify Pincode functionality with invalid data          &amp#27;[90m# src/test/resources/features/ProductDetails2.feature:33&amp#27;[0m
Trusted Wall Painting, Home Painting & Waterproofing in India - Asian Paints
Create your dream home with our painting experts
  &amp#27;[32mGiven &amp#27;[0m&amp#27;[32mChrome is opened and Asianpaints app is opened&amp#27;[0m                    &amp#27;[90m# productdetails_stepdefinition_2.ProductDetails_StepDefinition_2.chrome_is_opened_and_asianpaints_app_is_opened()&amp#27;[0m
  &amp#27;[31mWhen &amp#27;[0m&amp#27;[31mUser searches the product&amp#27;[0m                                          &amp#27;[90m# productdetails_stepdefinition_2.ProductDetails_StepDefinition_2.user_searches_the_product()&amp#27;[0m
      &amp#27;[31morg.openqa.selenium.ElementClickInterceptedException: element click intercepted: Element <input name="q" class="commonTextComp track_search_click" type="text" autocomplete="off" placeholder="Search"> is not clickable at point (615, 70). Other element would receive the click: <iframe marginheight="0" marginwidth="0" class="__st_preview_frame_bpn" style="display: block; z-index: 16776272; height:100%; width:100%; position: fixed; visibility: visible; top: 0; overflow: hidden; bottom:0;" frameborder="0"></iframe>
  (Session info: chrome=114.0.5735.110)
Build info: version: '4.9.0', revision: 'd7057100a6'
System info: os.name: 'Windows 11', os.arch: 'amd64', os.version: '10.0', java.version: '17.0.6'
Driver info: org.openqa.selenium.chrome.ChromeDriver
Command: [4edf617adc4875033bf0d36a750474b2, clickElement {id=DDCEE084F39EEEAC3DDA544678243D9A_element_34}]
Capabilities {acceptInsecureCerts: false, browserName: chrome, browserVersion: 114.0.5735.110, chrome: {chromedriverVersion: 113.0.5672.63 (0e1a4471d5ae..., userDataDir: C:\Program Files (x86)\scop...}, goog:chromeOptions: {debuggerAddress: localhost:55761}, networkConnectionEnabled: false, pageLoadStrategy: normal, platformName: WINDOWS, proxy: Proxy(), se:cdp: ws://localhost:55761/devtoo..., se:cdpVersion: 114.0.5735.110, setWindowRect: true, strictFileInteractability: false, timeouts: {implicit: 0, pageLoad: 300000, script: 30000}, unhandledPromptBehavior: dismiss and notify, webauthn:extension:credBlob: true, webauthn:extension:largeBlob: true, webauthn:extension:minPinLength: true, webauthn:extension:prf: true, webauthn:virtualAuthenticators: true}
Element: [[ChromeDriver: chrome on WINDOWS (4edf617adc4875033bf0d36a750474b2)] -> xpath: //input[@class='commonTextComp track_search_click']]
Session ID: 4edf617adc4875033bf0d36a750474b2
	at java.base/jdk.internal.reflect.NativeConstructorAccessorImpl.newInstance0(Native Method)
	at java.base/jdk.internal.reflect.NativeConstructorAccessorImpl.newInstance(NativeConstructorAccessorImpl.java:77)
	at java.base/jdk.internal.reflect.DelegatingConstructorAccessorImpl.newInstance(DelegatingConstructorAccessorImpl.java:45)
	at java.base/java.lang.reflect.Constructor.newInstanceWithCaller(Constructor.java:499)
	at java.base/java.lang.reflect.Constructor.newInstance(Constructor.java:480)
	at org.openqa.selenium.remote.codec.w3c.W3CHttpResponseCodec.createException(W3CHttpResponseCodec.java:200)
	at org.openqa.selenium.remote.codec.w3c.W3CHttpResponseCodec.decode(W3CHttpResponseCodec.java:133)
	at org.openqa.selenium.remote.codec.w3c.W3CHttpResponseCodec.decode(W3CHttpResponseCodec.java:53)
	at org.openqa.selenium.remote.HttpCommandExecutor.execute(HttpCommandExecutor.java:193)
	at org.openqa.selenium.remote.service.DriverCommandExecutor.invokeExecute(DriverCommandExecutor.java:183)
	at org.openqa.selenium.remote.service.DriverCommandExecutor.execute(DriverCommandExecutor.java:158)
	at org.openqa.selenium.remote.RemoteWebDriver.execute(RemoteWebDriver.java:543)
	at org.openqa.selenium.remote.RemoteWebElement.execute(RemoteWebElement.java:257)
	at org.openqa.selenium.remote.RemoteWebElement.click(RemoteWebElement.java:78)
	at jdk.internal.reflect.GeneratedMethodAccessor71.invoke(Unknown Source)
	at java.base/jdk.internal.reflect.DelegatingMethodAccessorImpl.invoke(DelegatingMethodAccessorImpl.java:43)
	at java.base/java.lang.reflect.Method.invoke(Method.java:568)
	at org.openqa.selenium.support.pagefactory.internal.LocatingElementHandler.invoke(LocatingElementHandler.java:52)
	at jdk.proxy2/jdk.proxy2.$Proxy26.click(Unknown Source)
	at com.pages.Page01_LandingPage.productListPageNavigation1(Page01_LandingPage.java:84)
	at productdetails_stepdefinition_2.ProductDetails_StepDefinition_2.user_searches_the_product(ProductDetails_StepDefinition_2.java:73)
	at âœ½.User searches the product(file:///C:/Users/NBARBHUI/Desktop/My%20Main%20AsianPaints%20Project/AsianPaints_ProductDetails_Nurul/src/test/resources/features/ProductDetails2.feature:21)
&amp#27;[0m
  &amp#27;[36mAnd &amp#27;[0m&amp#27;[36mUser clicks on the product&amp#27;[0m                                          &amp#27;[90m# productdetails_stepdefinition_2.ProductDetails_StepDefinition_2.user_clicks_on_the_product()&amp#27;[0m
  &amp#27;[36mThen &amp#27;[0m&amp#27;[36mUser navigates onto the ProductList page&amp#27;[0m                           &amp#27;[90m# productdetails_stepdefinition_2.ProductDetails_StepDefinition_2.user_navigates_onto_the_product_list_page()&amp#27;[0m
  &amp#27;[36mAnd &amp#27;[0m&amp#27;[36mUser clicks on any listed item&amp#27;[0m                                      &amp#27;[90m# productdetails_stepdefinition_2.ProductDetails_StepDefinition_2.user_clicks_on_any_listed_item()&amp#27;[0m
  &amp#27;[36mThen &amp#27;[0m&amp#27;[36mProductDetails page is launched and fields are visible to the user&amp#27;[0m &amp#27;[90m# productdetails_stepdefinition_2.ProductDetails_StepDefinition_2.product_details_page_is_launched_and_fields_are_visible_to_the_user()&amp#27;[0m
  &amp#27;[36mWhen &amp#27;[0m&amp#27;[36mUser enters Pincode &amp#27;[0m&amp#27;[36m&amp#27;[1m"000001"&amp#27;[0m                                       &amp#27;[90m# productdetails_stepdefinition_2.ProductDetails_StepDefinition_2.user_enters_pincode(java.lang.String)&amp#27;[0m
  &amp#27;[36mAnd &amp#27;[0m&amp#27;[36mUser clicks on check button&amp#27;[0m                                         &amp#27;[90m# productdetails_stepdefinition_2.ProductDetails_StepDefinition_2.user_clicks_on_check_button()&amp#27;[0m
  &amp#27;[36mThen &amp#27;[0m&amp#27;[36mIt shows Pincode is not serviceable&amp#27;[0m                                &amp#27;[90m# productdetails_stepdefinition_2.ProductDetails_StepDefinition_2.it_shows_pincode_is_not_serviceable()&amp#27;[0m
]]></system-out>
    <system-err><![CDATA[Starting ChromeDriver 113.0.5672.63 (0e1a4471d5ae5bf128b1bd8f4d627c8cbd55f70c-refs/branch-heads/5672@{#912}) on port 32878
Only local connections are allowed.
Please see https://chromedriver.chromium.org/security-considerations for suggestions on keeping ChromeDriver safe.
ChromeDriver was started successfully.
[1686205352.278][WARNING]: This version of ChromeDriver has not been tested with Chrome version 114.
Jun 08, 2023 11:52:33 AM org.openqa.selenium.devtools.CdpVersionFinder findNearestMatch
WARNING: Unable to find an exact match for CDP version 114, so returning the closest version found: 112
]]></system-err>
  </testcase>
  <testcase name="runScenario" classname="testrunner.ProductDetails_TestRunner_3" time="14.513">
    <failure message="element click intercepted: Element &lt;input name=&quot;q&quot; class=&quot;commonTextComp track_search_click&quot; type=&quot;text&quot; autocomplete=&quot;off&quot; placeholder=&quot;Search&quot;&gt; is not clickable at point (615, 70). Other element would receive the click: &lt;iframe marginheight=&quot;0&quot; marginwidth=&quot;0&quot; class=&quot;__st_preview_frame_bpn&quot; style=&quot;display: block; z-index: 16776272; height:100%; width:100%; position: fixed; visibility: visible; top: 0; overflow: hidden; bottom:0;&quot; frameborder=&quot;0&quot;&gt;&lt;/iframe&gt;&#10;  (Session info: chrome=114.0.5735.110)&#10;Build info: version: &apos;4.9.0&apos;, revision: &apos;d7057100a6&apos;&#10;System info: os.name: &apos;Windows 11&apos;, os.arch: &apos;amd64&apos;, os.version: &apos;10.0&apos;, java.version: &apos;17.0.6&apos;&#10;Driver info: org.openqa.selenium.chrome.ChromeDriver&#10;Command: [f663348ca2772de995c27d34a44ba7ed, clickElement {id=16FC5FDA82F94CF8F6A77F7B458E9777_element_39}]&#10;Capabilities {acceptInsecureCerts: false, browserName: chrome, browserVersion: 114.0.5735.110, chrome: {chromedriverVersion: 113.0.5672.63 (0e1a4471d5ae..., userDataDir: C:\Program Files (x86)\scop...}, goog:chromeOptions: {debuggerAddress: localhost:55844}, networkConnectionEnabled: false, pageLoadStrategy: normal, platformName: WINDOWS, proxy: Proxy(), se:cdp: ws://localhost:55844/devtoo..., se:cdpVersion: 114.0.5735.110, setWindowRect: true, strictFileInteractability: false, timeouts: {implicit: 0, pageLoad: 300000, script: 30000}, unhandledPromptBehavior: dismiss and notify, webauthn:extension:credBlob: true, webauthn:extension:largeBlob: true, webauthn:extension:minPinLength: true, webauthn:extension:prf: true, webauthn:virtualAuthenticators: true}&#10;Element: [[ChromeDriver: chrome on WINDOWS (f663348ca2772de995c27d34a44ba7ed)] -&gt; xpath: //input[@class=&apos;commonTextComp track_search_click&apos;]]&#10;Session ID: f663348ca2772de995c27d34a44ba7ed" type="org.openqa.selenium.ElementClickInterceptedException"><![CDATA[org.openqa.selenium.ElementClickInterceptedException: 
element click intercepted: Element <input name="q" class="commonTextComp track_search_click" type="text" autocomplete="off" placeholder="Search"> is not clickable at point (615, 70). Other element would receive the click: <iframe marginheight="0" marginwidth="0" class="__st_preview_frame_bpn" style="display: block; z-index: 16776272; height:100%; width:100%; position: fixed; visibility: visible; top: 0; overflow: hidden; bottom:0;" frameborder="0"></iframe>
  (Session info: chrome=114.0.5735.110)
Build info: version: '4.9.0', revision: 'd7057100a6'
System info: os.name: 'Windows 11', os.arch: 'amd64', os.version: '10.0', java.version: '17.0.6'
Driver info: org.openqa.selenium.chrome.ChromeDriver
Command: [f663348ca2772de995c27d34a44ba7ed, clickElement {id=16FC5FDA82F94CF8F6A77F7B458E9777_element_39}]
Capabilities {acceptInsecureCerts: false, browserName: chrome, browserVersion: 114.0.5735.110, chrome: {chromedriverVersion: 113.0.5672.63 (0e1a4471d5ae..., userDataDir: C:\Program Files (x86)\scop...}, goog:chromeOptions: {debuggerAddress: localhost:55844}, networkConnectionEnabled: false, pageLoadStrategy: normal, platformName: WINDOWS, proxy: Proxy(), se:cdp: ws://localhost:55844/devtoo..., se:cdpVersion: 114.0.5735.110, setWindowRect: true, strictFileInteractability: false, timeouts: {implicit: 0, pageLoad: 300000, script: 30000}, unhandledPromptBehavior: dismiss and notify, webauthn:extension:credBlob: true, webauthn:extension:largeBlob: true, webauthn:extension:minPinLength: true, webauthn:extension:prf: true, webauthn:virtualAuthenticators: true}
Element: [[ChromeDriver: chrome on WINDOWS (f663348ca2772de995c27d34a44ba7ed)] -> xpath: //input[@class='commonTextComp track_search_click']]
Session ID: f663348ca2772de995c27d34a44ba7ed
]]></failure>
    <system-out><![CDATA[
Scenario Outline: Verify Pincode functionality with valid data            &amp#27;[90m# src/test/resources/features/ProductDetails3.feature:16&amp#27;[0m
Trusted Wall Painting, Home Painting & Waterproofing in India - Asian Paints
Create your dream home with our painting experts
  &amp#27;[32mGiven &amp#27;[0m&amp#27;[32mChrome is opened and Asianpaints app is opened&amp#27;[0m                    &amp#27;[90m# productdetails_stepdefinition_3.ProductDetails_StepDefinition_3.chrome_is_opened_and_asianpaints_app_is_opened()&amp#27;[0m
  &amp#27;[31mWhen &amp#27;[0m&amp#27;[31mUser searches the product&amp#27;[0m                                          &amp#27;[90m# productdetails_stepdefinition_3.ProductDetails_StepDefinition_3.user_searches_the_product()&amp#27;[0m
      &amp#27;[31morg.openqa.selenium.ElementClickInterceptedException: element click intercepted: Element <input name="q" class="commonTextComp track_search_click" type="text" autocomplete="off" placeholder="Search"> is not clickable at point (615, 70). Other element would receive the click: <iframe marginheight="0" marginwidth="0" class="__st_preview_frame_bpn" style="display: block; z-index: 16776272; height:100%; width:100%; position: fixed; visibility: visible; top: 0; overflow: hidden; bottom:0;" frameborder="0"></iframe>
  (Session info: chrome=114.0.5735.110)
Build info: version: '4.9.0', revision: 'd7057100a6'
System info: os.name: 'Windows 11', os.arch: 'amd64', os.version: '10.0', java.version: '17.0.6'
Driver info: org.openqa.selenium.chrome.ChromeDriver
Command: [f663348ca2772de995c27d34a44ba7ed, clickElement {id=16FC5FDA82F94CF8F6A77F7B458E9777_element_39}]
Capabilities {acceptInsecureCerts: false, browserName: chrome, browserVersion: 114.0.5735.110, chrome: {chromedriverVersion: 113.0.5672.63 (0e1a4471d5ae..., userDataDir: C:\Program Files (x86)\scop...}, goog:chromeOptions: {debuggerAddress: localhost:55844}, networkConnectionEnabled: false, pageLoadStrategy: normal, platformName: WINDOWS, proxy: Proxy(), se:cdp: ws://localhost:55844/devtoo..., se:cdpVersion: 114.0.5735.110, setWindowRect: true, strictFileInteractability: false, timeouts: {implicit: 0, pageLoad: 300000, script: 30000}, unhandledPromptBehavior: dismiss and notify, webauthn:extension:credBlob: true, webauthn:extension:largeBlob: true, webauthn:extension:minPinLength: true, webauthn:extension:prf: true, webauthn:virtualAuthenticators: true}
Element: [[ChromeDriver: chrome on WINDOWS (f663348ca2772de995c27d34a44ba7ed)] -> xpath: //input[@class='commonTextComp track_search_click']]
Session ID: f663348ca2772de995c27d34a44ba7ed
	at java.base/jdk.internal.reflect.NativeConstructorAccessorImpl.newInstance0(Native Method)
	at java.base/jdk.internal.reflect.NativeConstructorAccessorImpl.newInstance(NativeConstructorAccessorImpl.java:77)
	at java.base/jdk.internal.reflect.DelegatingConstructorAccessorImpl.newInstance(DelegatingConstructorAccessorImpl.java:45)
	at java.base/java.lang.reflect.Constructor.newInstanceWithCaller(Constructor.java:499)
	at java.base/java.lang.reflect.Constructor.newInstance(Constructor.java:480)
	at org.openqa.selenium.remote.codec.w3c.W3CHttpResponseCodec.createException(W3CHttpResponseCodec.java:200)
	at org.openqa.selenium.remote.codec.w3c.W3CHttpResponseCodec.decode(W3CHttpResponseCodec.java:133)
	at org.openqa.selenium.remote.codec.w3c.W3CHttpResponseCodec.decode(W3CHttpResponseCodec.java:53)
	at org.openqa.selenium.remote.HttpCommandExecutor.execute(HttpCommandExecutor.java:193)
	at org.openqa.selenium.remote.service.DriverCommandExecutor.invokeExecute(DriverCommandExecutor.java:183)
	at org.openqa.selenium.remote.service.DriverCommandExecutor.execute(DriverCommandExecutor.java:158)
	at org.openqa.selenium.remote.RemoteWebDriver.execute(RemoteWebDriver.java:543)
	at org.openqa.selenium.remote.RemoteWebElement.execute(RemoteWebElement.java:257)
	at org.openqa.selenium.remote.RemoteWebElement.click(RemoteWebElement.java:78)
	at jdk.internal.reflect.GeneratedMethodAccessor71.invoke(Unknown Source)
	at java.base/jdk.internal.reflect.DelegatingMethodAccessorImpl.invoke(DelegatingMethodAccessorImpl.java:43)
	at java.base/java.lang.reflect.Method.invoke(Method.java:568)
	at org.openqa.selenium.support.pagefactory.internal.LocatingElementHandler.invoke(LocatingElementHandler.java:52)
	at jdk.proxy2/jdk.proxy2.$Proxy26.click(Unknown Source)
	at com.pages.Page01_LandingPage.productListPageNavigation1(Page01_LandingPage.java:84)
	at productdetails_stepdefinition_3.ProductDetails_StepDefinition_3.user_searches_the_product(ProductDetails_StepDefinition_3.java:81)
	at âœ½.User searches the product(file:///C:/Users/NBARBHUI/Desktop/My%20Main%20AsianPaints%20Project/AsianPaints_ProductDetails_Nurul/src/test/resources/features/ProductDetails3.feature:5)
&amp#27;[0m
  &amp#27;[36mAnd &amp#27;[0m&amp#27;[36mUser clicks on the product&amp#27;[0m                                          &amp#27;[90m# productdetails_stepdefinition_3.ProductDetails_StepDefinition_3.user_clicks_on_the_product()&amp#27;[0m
  &amp#27;[36mThen &amp#27;[0m&amp#27;[36mUser navigates onto the ProductList page&amp#27;[0m                           &amp#27;[90m# productdetails_stepdefinition_3.ProductDetails_StepDefinition_3.user_navigates_onto_the_product_list_page()&amp#27;[0m
  &amp#27;[36mAnd &amp#27;[0m&amp#27;[36mUser clicks on any listed item&amp#27;[0m                                      &amp#27;[90m# productdetails_stepdefinition_3.ProductDetails_StepDefinition_3.user_clicks_on_any_listed_item()&amp#27;[0m
  &amp#27;[36mThen &amp#27;[0m&amp#27;[36mProductDetails page is launched and fields are visible to the user&amp#27;[0m &amp#27;[90m# productdetails_stepdefinition_3.ProductDetails_StepDefinition_3.product_details_page_is_launched_and_fields_are_visible_to_the_user()&amp#27;[0m
  &amp#27;[36mWhen &amp#27;[0m&amp#27;[36mUser enters Pincode from sheetname &amp#27;[0m&amp#27;[36m&amp#27;[1m"Sheet1"&amp#27;[0m&amp#27;[36m and rownumber &amp#27;[0m&amp#27;[36m&amp#27;[1m0&amp#27;[0m        &amp#27;[90m# productdetails_stepdefinition_3.ProductDetails_StepDefinition_3.user_enters_pincode_from_sheetname_and_rownumber(java.lang.String,java.lang.Integer)&amp#27;[0m
  &amp#27;[36mAnd &amp#27;[0m&amp#27;[36mUser clicks on check button&amp#27;[0m                                         &amp#27;[90m# productdetails_stepdefinition_3.ProductDetails_StepDefinition_3.user_clicks_on_check_button()&amp#27;[0m
  &amp#27;[36mThen &amp#27;[0m&amp#27;[36mIt shows Pincode is serviceable&amp#27;[0m                                    &amp#27;[90m# productdetails_stepdefinition_3.ProductDetails_StepDefinition_3.it_shows_pincode_is_serviceable()&amp#27;[0m
]]></system-out>
    <system-err><![CDATA[Starting ChromeDriver 113.0.5672.63 (0e1a4471d5ae5bf128b1bd8f4d627c8cbd55f70c-refs/branch-heads/5672@{#912}) on port 33120
Only local connections are allowed.
Please see https://chromedriver.chromium.org/security-considerations for suggestions on keeping ChromeDriver safe.
ChromeDriver was started successfully.
[1686205367.227][WARNING]: This version of ChromeDriver has not been tested with Chrome version 114.
Jun 08, 2023 11:52:47 AM org.openqa.selenium.devtools.CdpVersionFinder findNearestMatch
WARNING: Unable to find an exact match for CDP version 114, so returning the closest version found: 112
]]></system-err>
  </testcase>
  <testcase name="runScenario" classname="testrunner.ProductDetails_TestRunner_3" time="14.571">
    <failure message="element click intercepted: Element &lt;input name=&quot;q&quot; class=&quot;commonTextComp track_search_click&quot; type=&quot;text&quot; autocomplete=&quot;off&quot; placeholder=&quot;Search&quot;&gt; is not clickable at point (615, 70). Other element would receive the click: &lt;iframe marginheight=&quot;0&quot; marginwidth=&quot;0&quot; class=&quot;__st_preview_frame_bpn&quot; style=&quot;display: block; z-index: 16776272; height:100%; width:100%; position: fixed; visibility: visible; top: 0; overflow: hidden; bottom:0;&quot; frameborder=&quot;0&quot;&gt;&lt;/iframe&gt;&#10;  (Session info: chrome=114.0.5735.110)&#10;Build info: version: &apos;4.9.0&apos;, revision: &apos;d7057100a6&apos;&#10;System info: os.name: &apos;Windows 11&apos;, os.arch: &apos;amd64&apos;, os.version: &apos;10.0&apos;, java.version: &apos;17.0.6&apos;&#10;Driver info: org.openqa.selenium.chrome.ChromeDriver&#10;Command: [413eb7e5c4b6b310b0802553c8b0d8b6, clickElement {id=E1EDF5B99EBB99EBED01E4B824122E9B_element_44}]&#10;Capabilities {acceptInsecureCerts: false, browserName: chrome, browserVersion: 114.0.5735.110, chrome: {chromedriverVersion: 113.0.5672.63 (0e1a4471d5ae..., userDataDir: C:\Program Files (x86)\scop...}, goog:chromeOptions: {debuggerAddress: localhost:55909}, networkConnectionEnabled: false, pageLoadStrategy: normal, platformName: WINDOWS, proxy: Proxy(), se:cdp: ws://localhost:55909/devtoo..., se:cdpVersion: 114.0.5735.110, setWindowRect: true, strictFileInteractability: false, timeouts: {implicit: 0, pageLoad: 300000, script: 30000}, unhandledPromptBehavior: dismiss and notify, webauthn:extension:credBlob: true, webauthn:extension:largeBlob: true, webauthn:extension:minPinLength: true, webauthn:extension:prf: true, webauthn:virtualAuthenticators: true}&#10;Element: [[ChromeDriver: chrome on WINDOWS (413eb7e5c4b6b310b0802553c8b0d8b6)] -&gt; xpath: //input[@class=&apos;commonTextComp track_search_click&apos;]]&#10;Session ID: 413eb7e5c4b6b310b0802553c8b0d8b6" type="org.openqa.selenium.ElementClickInterceptedException"><![CDATA[org.openqa.selenium.ElementClickInterceptedException: 
element click intercepted: Element <input name="q" class="commonTextComp track_search_click" type="text" autocomplete="off" placeholder="Search"> is not clickable at point (615, 70). Other element would receive the click: <iframe marginheight="0" marginwidth="0" class="__st_preview_frame_bpn" style="display: block; z-index: 16776272; height:100%; width:100%; position: fixed; visibility: visible; top: 0; overflow: hidden; bottom:0;" frameborder="0"></iframe>
  (Session info: chrome=114.0.5735.110)
Build info: version: '4.9.0', revision: 'd7057100a6'
System info: os.name: 'Windows 11', os.arch: 'amd64', os.version: '10.0', java.version: '17.0.6'
Driver info: org.openqa.selenium.chrome.ChromeDriver
Command: [413eb7e5c4b6b310b0802553c8b0d8b6, clickElement {id=E1EDF5B99EBB99EBED01E4B824122E9B_element_44}]
Capabilities {acceptInsecureCerts: false, browserName: chrome, browserVersion: 114.0.5735.110, chrome: {chromedriverVersion: 113.0.5672.63 (0e1a4471d5ae..., userDataDir: C:\Program Files (x86)\scop...}, goog:chromeOptions: {debuggerAddress: localhost:55909}, networkConnectionEnabled: false, pageLoadStrategy: normal, platformName: WINDOWS, proxy: Proxy(), se:cdp: ws://localhost:55909/devtoo..., se:cdpVersion: 114.0.5735.110, setWindowRect: true, strictFileInteractability: false, timeouts: {implicit: 0, pageLoad: 300000, script: 30000}, unhandledPromptBehavior: dismiss and notify, webauthn:extension:credBlob: true, webauthn:extension:largeBlob: true, webauthn:extension:minPinLength: true, webauthn:extension:prf: true, webauthn:virtualAuthenticators: true}
Element: [[ChromeDriver: chrome on WINDOWS (413eb7e5c4b6b310b0802553c8b0d8b6)] -> xpath: //input[@class='commonTextComp track_search_click']]
Session ID: 413eb7e5c4b6b310b0802553c8b0d8b6
]]></failure>
    <system-out><![CDATA[
Scenario Outline: Verify Pincode functionality with valid data            &amp#27;[90m# src/test/resources/features/ProductDetails3.feature:17&amp#27;[0m
Trusted Wall Painting, Home Painting & Waterproofing in India - Asian Paints
Create your dream home with our painting experts
  &amp#27;[32mGiven &amp#27;[0m&amp#27;[32mChrome is opened and Asianpaints app is opened&amp#27;[0m                    &amp#27;[90m# productdetails_stepdefinition_3.ProductDetails_StepDefinition_3.chrome_is_opened_and_asianpaints_app_is_opened()&amp#27;[0m
  &amp#27;[31mWhen &amp#27;[0m&amp#27;[31mUser searches the product&amp#27;[0m                                          &amp#27;[90m# productdetails_stepdefinition_3.ProductDetails_StepDefinition_3.user_searches_the_product()&amp#27;[0m
      &amp#27;[31morg.openqa.selenium.ElementClickInterceptedException: element click intercepted: Element <input name="q" class="commonTextComp track_search_click" type="text" autocomplete="off" placeholder="Search"> is not clickable at point (615, 70). Other element would receive the click: <iframe marginheight="0" marginwidth="0" class="__st_preview_frame_bpn" style="display: block; z-index: 16776272; height:100%; width:100%; position: fixed; visibility: visible; top: 0; overflow: hidden; bottom:0;" frameborder="0"></iframe>
  (Session info: chrome=114.0.5735.110)
Build info: version: '4.9.0', revision: 'd7057100a6'
System info: os.name: 'Windows 11', os.arch: 'amd64', os.version: '10.0', java.version: '17.0.6'
Driver info: org.openqa.selenium.chrome.ChromeDriver
Command: [413eb7e5c4b6b310b0802553c8b0d8b6, clickElement {id=E1EDF5B99EBB99EBED01E4B824122E9B_element_44}]
Capabilities {acceptInsecureCerts: false, browserName: chrome, browserVersion: 114.0.5735.110, chrome: {chromedriverVersion: 113.0.5672.63 (0e1a4471d5ae..., userDataDir: C:\Program Files (x86)\scop...}, goog:chromeOptions: {debuggerAddress: localhost:55909}, networkConnectionEnabled: false, pageLoadStrategy: normal, platformName: WINDOWS, proxy: Proxy(), se:cdp: ws://localhost:55909/devtoo..., se:cdpVersion: 114.0.5735.110, setWindowRect: true, strictFileInteractability: false, timeouts: {implicit: 0, pageLoad: 300000, script: 30000}, unhandledPromptBehavior: dismiss and notify, webauthn:extension:credBlob: true, webauthn:extension:largeBlob: true, webauthn:extension:minPinLength: true, webauthn:extension:prf: true, webauthn:virtualAuthenticators: true}
Element: [[ChromeDriver: chrome on WINDOWS (413eb7e5c4b6b310b0802553c8b0d8b6)] -> xpath: //input[@class='commonTextComp track_search_click']]
Session ID: 413eb7e5c4b6b310b0802553c8b0d8b6
	at java.base/jdk.internal.reflect.NativeConstructorAccessorImpl.newInstance0(Native Method)
	at java.base/jdk.internal.reflect.NativeConstructorAccessorImpl.newInstance(NativeConstructorAccessorImpl.java:77)
	at java.base/jdk.internal.reflect.DelegatingConstructorAccessorImpl.newInstance(DelegatingConstructorAccessorImpl.java:45)
	at java.base/java.lang.reflect.Constructor.newInstanceWithCaller(Constructor.java:499)
	at java.base/java.lang.reflect.Constructor.newInstance(Constructor.java:480)
	at org.openqa.selenium.remote.codec.w3c.W3CHttpResponseCodec.createException(W3CHttpResponseCodec.java:200)
	at org.openqa.selenium.remote.codec.w3c.W3CHttpResponseCodec.decode(W3CHttpResponseCodec.java:133)
	at org.openqa.selenium.remote.codec.w3c.W3CHttpResponseCodec.decode(W3CHttpResponseCodec.java:53)
	at org.openqa.selenium.remote.HttpCommandExecutor.execute(HttpCommandExecutor.java:193)
	at org.openqa.selenium.remote.service.DriverCommandExecutor.invokeExecute(DriverCommandExecutor.java:183)
	at org.openqa.selenium.remote.service.DriverCommandExecutor.execute(DriverCommandExecutor.java:158)
	at org.openqa.selenium.remote.RemoteWebDriver.execute(RemoteWebDriver.java:543)
	at org.openqa.selenium.remote.RemoteWebElement.execute(RemoteWebElement.java:257)
	at org.openqa.selenium.remote.RemoteWebElement.click(RemoteWebElement.java:78)
	at jdk.internal.reflect.GeneratedMethodAccessor71.invoke(Unknown Source)
	at java.base/jdk.internal.reflect.DelegatingMethodAccessorImpl.invoke(DelegatingMethodAccessorImpl.java:43)
	at java.base/java.lang.reflect.Method.invoke(Method.java:568)
	at org.openqa.selenium.support.pagefactory.internal.LocatingElementHandler.invoke(LocatingElementHandler.java:52)
	at jdk.proxy2/jdk.proxy2.$Proxy26.click(Unknown Source)
	at com.pages.Page01_LandingPage.productListPageNavigation1(Page01_LandingPage.java:84)
	at productdetails_stepdefinition_3.ProductDetails_StepDefinition_3.user_searches_the_product(ProductDetails_StepDefinition_3.java:81)
	at âœ½.User searches the product(file:///C:/Users/NBARBHUI/Desktop/My%20Main%20AsianPaints%20Project/AsianPaints_ProductDetails_Nurul/src/test/resources/features/ProductDetails3.feature:5)
&amp#27;[0m
  &amp#27;[36mAnd &amp#27;[0m&amp#27;[36mUser clicks on the product&amp#27;[0m                                          &amp#27;[90m# productdetails_stepdefinition_3.ProductDetails_StepDefinition_3.user_clicks_on_the_product()&amp#27;[0m
  &amp#27;[36mThen &amp#27;[0m&amp#27;[36mUser navigates onto the ProductList page&amp#27;[0m                           &amp#27;[90m# productdetails_stepdefinition_3.ProductDetails_StepDefinition_3.user_navigates_onto_the_product_list_page()&amp#27;[0m
  &amp#27;[36mAnd &amp#27;[0m&amp#27;[36mUser clicks on any listed item&amp#27;[0m                                      &amp#27;[90m# productdetails_stepdefinition_3.ProductDetails_StepDefinition_3.user_clicks_on_any_listed_item()&amp#27;[0m
  &amp#27;[36mThen &amp#27;[0m&amp#27;[36mProductDetails page is launched and fields are visible to the user&amp#27;[0m &amp#27;[90m# productdetails_stepdefinition_3.ProductDetails_StepDefinition_3.product_details_page_is_launched_and_fields_are_visible_to_the_user()&amp#27;[0m
  &amp#27;[36mWhen &amp#27;[0m&amp#27;[36mUser enters Pincode from sheetname &amp#27;[0m&amp#27;[36m&amp#27;[1m"Sheet1"&amp#27;[0m&amp#27;[36m and rownumber &amp#27;[0m&amp#27;[36m&amp#27;[1m1&amp#27;[0m        &amp#27;[90m# productdetails_stepdefinition_3.ProductDetails_StepDefinition_3.user_enters_pincode_from_sheetname_and_rownumber(java.lang.String,java.lang.Integer)&amp#27;[0m
  &amp#27;[36mAnd &amp#27;[0m&amp#27;[36mUser clicks on check button&amp#27;[0m                                         &amp#27;[90m# productdetails_stepdefinition_3.ProductDetails_StepDefinition_3.user_clicks_on_check_button()&amp#27;[0m
  &amp#27;[36mThen &amp#27;[0m&amp#27;[36mIt shows Pincode is serviceable&amp#27;[0m                                    &amp#27;[90m# productdetails_stepdefinition_3.ProductDetails_StepDefinition_3.it_shows_pincode_is_serviceable()&amp#27;[0m
]]></system-out>
    <system-err><![CDATA[Starting ChromeDriver 113.0.5672.63 (0e1a4471d5ae5bf128b1bd8f4d627c8cbd55f70c-refs/branch-heads/5672@{#912}) on port 13409
Only local connections are allowed.
Please see https://chromedriver.chromium.org/security-considerations for suggestions on keeping ChromeDriver safe.
ChromeDriver was started successfully.
[1686205381.802][WARNING]: This version of ChromeDriver has not been tested with Chrome version 114.
Jun 08, 2023 11:53:02 AM org.openqa.selenium.devtools.CdpVersionFinder findNearestMatch
WARNING: Unable to find an exact match for CDP version 114, so returning the closest version found: 112
]]></system-err>
  </testcase>
  <testcase name="runScenario" classname="testrunner.ProductDetails_TestRunner_3" time="56.828"/>
  <testcase name="runScenario" classname="testrunner.ProductDetails_TestRunner_3" time="14.553">
    <failure message="element click intercepted: Element &lt;input name=&quot;q&quot; class=&quot;commonTextComp track_search_click&quot; type=&quot;text&quot; autocomplete=&quot;off&quot; placeholder=&quot;Search&quot;&gt; is not clickable at point (615, 70). Other element would receive the click: &lt;iframe marginheight=&quot;0&quot; marginwidth=&quot;0&quot; class=&quot;__st_preview_frame_bpn&quot; style=&quot;display: block; z-index: 16776272; height:100%; width:100%; position: fixed; visibility: visible; top: 0; overflow: hidden; bottom:0;&quot; frameborder=&quot;0&quot;&gt;&lt;/iframe&gt;&#10;  (Session info: chrome=114.0.5735.110)&#10;Build info: version: &apos;4.9.0&apos;, revision: &apos;d7057100a6&apos;&#10;System info: os.name: &apos;Windows 11&apos;, os.arch: &apos;amd64&apos;, os.version: &apos;10.0&apos;, java.version: &apos;17.0.6&apos;&#10;Driver info: org.openqa.selenium.chrome.ChromeDriver&#10;Command: [ef8ad28db2210cdd75b9ca814059e0fd, clickElement {id=3220332F9981C98A3DBC8E9AB21C3950_element_34}]&#10;Capabilities {acceptInsecureCerts: false, browserName: chrome, browserVersion: 114.0.5735.110, chrome: {chromedriverVersion: 113.0.5672.63 (0e1a4471d5ae..., userDataDir: C:\Program Files (x86)\scop...}, goog:chromeOptions: {debuggerAddress: localhost:56124}, networkConnectionEnabled: false, pageLoadStrategy: normal, platformName: WINDOWS, proxy: Proxy(), se:cdp: ws://localhost:56124/devtoo..., se:cdpVersion: 114.0.5735.110, setWindowRect: true, strictFileInteractability: false, timeouts: {implicit: 0, pageLoad: 300000, script: 30000}, unhandledPromptBehavior: dismiss and notify, webauthn:extension:credBlob: true, webauthn:extension:largeBlob: true, webauthn:extension:minPinLength: true, webauthn:extension:prf: true, webauthn:virtualAuthenticators: true}&#10;Element: [[ChromeDriver: chrome on WINDOWS (ef8ad28db2210cdd75b9ca814059e0fd)] -&gt; xpath: //input[@class=&apos;commonTextComp track_search_click&apos;]]&#10;Session ID: ef8ad28db2210cdd75b9ca814059e0fd" type="org.openqa.selenium.ElementClickInterceptedException"><![CDATA[org.openqa.selenium.ElementClickInterceptedException: 
element click intercepted: Element <input name="q" class="commonTextComp track_search_click" type="text" autocomplete="off" placeholder="Search"> is not clickable at point (615, 70). Other element would receive the click: <iframe marginheight="0" marginwidth="0" class="__st_preview_frame_bpn" style="display: block; z-index: 16776272; height:100%; width:100%; position: fixed; visibility: visible; top: 0; overflow: hidden; bottom:0;" frameborder="0"></iframe>
  (Session info: chrome=114.0.5735.110)
Build info: version: '4.9.0', revision: 'd7057100a6'
System info: os.name: 'Windows 11', os.arch: 'amd64', os.version: '10.0', java.version: '17.0.6'
Driver info: org.openqa.selenium.chrome.ChromeDriver
Command: [ef8ad28db2210cdd75b9ca814059e0fd, clickElement {id=3220332F9981C98A3DBC8E9AB21C3950_element_34}]
Capabilities {acceptInsecureCerts: false, browserName: chrome, browserVersion: 114.0.5735.110, chrome: {chromedriverVersion: 113.0.5672.63 (0e1a4471d5ae..., userDataDir: C:\Program Files (x86)\scop...}, goog:chromeOptions: {debuggerAddress: localhost:56124}, networkConnectionEnabled: false, pageLoadStrategy: normal, platformName: WINDOWS, proxy: Proxy(), se:cdp: ws://localhost:56124/devtoo..., se:cdpVersion: 114.0.5735.110, setWindowRect: true, strictFileInteractability: false, timeouts: {implicit: 0, pageLoad: 300000, script: 30000}, unhandledPromptBehavior: dismiss and notify, webauthn:extension:credBlob: true, webauthn:extension:largeBlob: true, webauthn:extension:minPinLength: true, webauthn:extension:prf: true, webauthn:virtualAuthenticators: true}
Element: [[ChromeDriver: chrome on WINDOWS (ef8ad28db2210cdd75b9ca814059e0fd)] -> xpath: //input[@class='commonTextComp track_search_click']]
Session ID: ef8ad28db2210cdd75b9ca814059e0fd
]]></failure>
    <system-out><![CDATA[
Scenario Outline: Verify Pincode functionality with invalid data          &amp#27;[90m# src/test/resources/features/ProductDetails3.feature:33&amp#27;[0m
Trusted Wall Painting, Home Painting & Waterproofing in India - Asian Paints
Create your dream home with our painting experts
  &amp#27;[32mGiven &amp#27;[0m&amp#27;[32mChrome is opened and Asianpaints app is opened&amp#27;[0m                    &amp#27;[90m# productdetails_stepdefinition_3.ProductDetails_StepDefinition_3.chrome_is_opened_and_asianpaints_app_is_opened()&amp#27;[0m
  &amp#27;[31mWhen &amp#27;[0m&amp#27;[31mUser searches the product&amp#27;[0m                                          &amp#27;[90m# productdetails_stepdefinition_3.ProductDetails_StepDefinition_3.user_searches_the_product()&amp#27;[0m
      &amp#27;[31morg.openqa.selenium.ElementClickInterceptedException: element click intercepted: Element <input name="q" class="commonTextComp track_search_click" type="text" autocomplete="off" placeholder="Search"> is not clickable at point (615, 70). Other element would receive the click: <iframe marginheight="0" marginwidth="0" class="__st_preview_frame_bpn" style="display: block; z-index: 16776272; height:100%; width:100%; position: fixed; visibility: visible; top: 0; overflow: hidden; bottom:0;" frameborder="0"></iframe>
  (Session info: chrome=114.0.5735.110)
Build info: version: '4.9.0', revision: 'd7057100a6'
System info: os.name: 'Windows 11', os.arch: 'amd64', os.version: '10.0', java.version: '17.0.6'
Driver info: org.openqa.selenium.chrome.ChromeDriver
Command: [ef8ad28db2210cdd75b9ca814059e0fd, clickElement {id=3220332F9981C98A3DBC8E9AB21C3950_element_34}]
Capabilities {acceptInsecureCerts: false, browserName: chrome, browserVersion: 114.0.5735.110, chrome: {chromedriverVersion: 113.0.5672.63 (0e1a4471d5ae..., userDataDir: C:\Program Files (x86)\scop...}, goog:chromeOptions: {debuggerAddress: localhost:56124}, networkConnectionEnabled: false, pageLoadStrategy: normal, platformName: WINDOWS, proxy: Proxy(), se:cdp: ws://localhost:56124/devtoo..., se:cdpVersion: 114.0.5735.110, setWindowRect: true, strictFileInteractability: false, timeouts: {implicit: 0, pageLoad: 300000, script: 30000}, unhandledPromptBehavior: dismiss and notify, webauthn:extension:credBlob: true, webauthn:extension:largeBlob: true, webauthn:extension:minPinLength: true, webauthn:extension:prf: true, webauthn:virtualAuthenticators: true}
Element: [[ChromeDriver: chrome on WINDOWS (ef8ad28db2210cdd75b9ca814059e0fd)] -> xpath: //input[@class='commonTextComp track_search_click']]
Session ID: ef8ad28db2210cdd75b9ca814059e0fd
	at java.base/jdk.internal.reflect.NativeConstructorAccessorImpl.newInstance0(Native Method)
	at java.base/jdk.internal.reflect.NativeConstructorAccessorImpl.newInstance(NativeConstructorAccessorImpl.java:77)
	at java.base/jdk.internal.reflect.DelegatingConstructorAccessorImpl.newInstance(DelegatingConstructorAccessorImpl.java:45)
	at java.base/java.lang.reflect.Constructor.newInstanceWithCaller(Constructor.java:499)
	at java.base/java.lang.reflect.Constructor.newInstance(Constructor.java:480)
	at org.openqa.selenium.remote.codec.w3c.W3CHttpResponseCodec.createException(W3CHttpResponseCodec.java:200)
	at org.openqa.selenium.remote.codec.w3c.W3CHttpResponseCodec.decode(W3CHttpResponseCodec.java:133)
	at org.openqa.selenium.remote.codec.w3c.W3CHttpResponseCodec.decode(W3CHttpResponseCodec.java:53)
	at org.openqa.selenium.remote.HttpCommandExecutor.execute(HttpCommandExecutor.java:193)
	at org.openqa.selenium.remote.service.DriverCommandExecutor.invokeExecute(DriverCommandExecutor.java:183)
	at org.openqa.selenium.remote.service.DriverCommandExecutor.execute(DriverCommandExecutor.java:158)
	at org.openqa.selenium.remote.RemoteWebDriver.execute(RemoteWebDriver.java:543)
	at org.openqa.selenium.remote.RemoteWebElement.execute(RemoteWebElement.java:257)
	at org.openqa.selenium.remote.RemoteWebElement.click(RemoteWebElement.java:78)
	at jdk.internal.reflect.GeneratedMethodAccessor71.invoke(Unknown Source)
	at java.base/jdk.internal.reflect.DelegatingMethodAccessorImpl.invoke(DelegatingMethodAccessorImpl.java:43)
	at java.base/java.lang.reflect.Method.invoke(Method.java:568)
	at org.openqa.selenium.support.pagefactory.internal.LocatingElementHandler.invoke(LocatingElementHandler.java:52)
	at jdk.proxy2/jdk.proxy2.$Proxy26.click(Unknown Source)
	at com.pages.Page01_LandingPage.productListPageNavigation1(Page01_LandingPage.java:84)
	at productdetails_stepdefinition_3.ProductDetails_StepDefinition_3.user_searches_the_product(ProductDetails_StepDefinition_3.java:81)
	at âœ½.User searches the product(file:///C:/Users/NBARBHUI/Desktop/My%20Main%20AsianPaints%20Project/AsianPaints_ProductDetails_Nurul/src/test/resources/features/ProductDetails3.feature:21)
&amp#27;[0m
  &amp#27;[36mAnd &amp#27;[0m&amp#27;[36mUser clicks on the product&amp#27;[0m                                          &amp#27;[90m# productdetails_stepdefinition_3.ProductDetails_StepDefinition_3.user_clicks_on_the_product()&amp#27;[0m
  &amp#27;[36mThen &amp#27;[0m&amp#27;[36mUser navigates onto the ProductList page&amp#27;[0m                           &amp#27;[90m# productdetails_stepdefinition_3.ProductDetails_StepDefinition_3.user_navigates_onto_the_product_list_page()&amp#27;[0m
  &amp#27;[36mAnd &amp#27;[0m&amp#27;[36mUser clicks on any listed item&amp#27;[0m                                      &amp#27;[90m# productdetails_stepdefinition_3.ProductDetails_StepDefinition_3.user_clicks_on_any_listed_item()&amp#27;[0m
  &amp#27;[36mThen &amp#27;[0m&amp#27;[36mProductDetails page is launched and fields are visible to the user&amp#27;[0m &amp#27;[90m# productdetails_stepdefinition_3.ProductDetails_StepDefinition_3.product_details_page_is_launched_and_fields_are_visible_to_the_user()&amp#27;[0m
  &amp#27;[36mWhen &amp#27;[0m&amp#27;[36mUser enters Pincode from sheetname &amp#27;[0m&amp#27;[36m&amp#27;[1m"Sheet2"&amp#27;[0m&amp#27;[36m and rownumber &amp#27;[0m&amp#27;[36m&amp#27;[1m1&amp#27;[0m        &amp#27;[90m# productdetails_stepdefinition_3.ProductDetails_StepDefinition_3.user_enters_pincode_from_sheetname_and_rownumber(java.lang.String,java.lang.Integer)&amp#27;[0m
  &amp#27;[36mAnd &amp#27;[0m&amp#27;[36mUser clicks on check button&amp#27;[0m                                         &amp#27;[90m# productdetails_stepdefinition_3.ProductDetails_StepDefinition_3.user_clicks_on_check_button()&amp#27;[0m
  &amp#27;[36mThen &amp#27;[0m&amp#27;[36mIt shows Pincode is not serviceable&amp#27;[0m                                &amp#27;[90m# productdetails_stepdefinition_3.ProductDetails_StepDefinition_3.it_shows_pincode_is_not_serviceable()&amp#27;[0m
]]></system-out>
    <system-err><![CDATA[Starting ChromeDriver 113.0.5672.63 (0e1a4471d5ae5bf128b1bd8f4d627c8cbd55f70c-refs/branch-heads/5672@{#912}) on port 38336
Only local connections are allowed.
Please see https://chromedriver.chromium.org/security-considerations for suggestions on keeping ChromeDriver safe.
ChromeDriver was started successfully.
[1686205453.265][WARNING]: This version of ChromeDriver has not been tested with Chrome version 114.
Jun 08, 2023 11:54:13 AM org.openqa.selenium.devtools.CdpVersionFinder findNearestMatch
WARNING: Unable to find an exact match for CDP version 114, so returning the closest version found: 112
]]></system-err>
  </testcase>
</testsuite>